{"/Users/wweber/Source/reactory/reactory-express-server/src/modules/index.ts": {"path":"/Users/wweber/Source/reactory/reactory-express-server/src/modules/index.ts","statementMap":{"0":{"start":{"line":3,"column":22},"end":{"line":14,"column":2}},"1":{"start":{"line":4,"column":2},"end":{"line":4,"column":31}},"2":{"start":{"line":4,"column":24},"end":{"line":4,"column":31}},"3":{"start":{"line":5,"column":2},"end":{"line":10,"column":5}},"4":{"start":{"line":8,"column":6},"end":{"line":8,"column":18}},"5":{"start":{"line":12,"column":2},"end":{"line":12,"column":31}},"6":{"start":{"line":12,"column":24},"end":{"line":12,"column":31}},"7":{"start":{"line":13,"column":2},"end":{"line":13,"column":15}},"8":{"start":{"line":15,"column":25},"end":{"line":22,"column":2}},"9":{"start":{"line":16,"column":2},"end":{"line":19,"column":5}},"10":{"start":{"line":21,"column":2},"end":{"line":21,"column":19}},"11":{"start":{"line":23,"column":19},"end":{"line":29,"column":1}},"12":{"start":{"line":24,"column":2},"end":{"line":24,"column":40}},"13":{"start":{"line":24,"column":29},"end":{"line":24,"column":40}},"14":{"start":{"line":25,"column":15},"end":{"line":25,"column":17}},"15":{"start":{"line":26,"column":2},"end":{"line":26,"column":139}},"16":{"start":{"line":26,"column":19},"end":{"line":26,"column":139}},"17":{"start":{"line":26,"column":38},"end":{"line":26,"column":139}},"18":{"start":{"line":26,"column":107},"end":{"line":26,"column":139}},"19":{"start":{"line":27,"column":2},"end":{"line":27,"column":34}},"20":{"start":{"line":28,"column":2},"end":{"line":28,"column":16}},"21":{"start":{"line":30,"column":0},"end":{"line":32,"column":3}},"22":{"start":{"line":35,"column":11},"end":{"line":35,"column":38}},"23":{"start":{"line":36,"column":15},"end":{"line":36,"column":17}},"24":{"start":{"line":37,"column":14},"end":{"line":37,"column":144}},"25":{"start":{"line":38,"column":0},"end":{"line":42,"column":1}},"26":{"start":{"line":39,"column":2},"end":{"line":39,"column":29}},"27":{"start":{"line":41,"column":2},"end":{"line":41,"column":42}},"28":{"start":{"line":43,"column":18},"end":{"line":43,"column":45}},"29":{"start":{"line":44,"column":0},"end":{"line":47,"column":2}}},"fnMap":{"0":{"name":"(anonymous_0)","decl":{"start":{"line":3,"column":71},"end":{"line":3,"column":72}},"loc":{"start":{"line":3,"column":94},"end":{"line":11,"column":1}},"line":3},"1":{"name":"(anonymous_1)","decl":{"start":{"line":7,"column":9},"end":{"line":7,"column":10}},"loc":{"start":{"line":7,"column":21},"end":{"line":9,"column":5}},"line":7},"2":{"name":"(anonymous_2)","decl":{"start":{"line":11,"column":4},"end":{"line":11,"column":5}},"loc":{"start":{"line":11,"column":27},"end":{"line":14,"column":1}},"line":11},"3":{"name":"(anonymous_3)","decl":{"start":{"line":15,"column":77},"end":{"line":15,"column":78}},"loc":{"start":{"line":15,"column":93},"end":{"line":20,"column":1}},"line":15},"4":{"name":"(anonymous_4)","decl":{"start":{"line":20,"column":4},"end":{"line":20,"column":5}},"loc":{"start":{"line":20,"column":20},"end":{"line":22,"column":1}},"line":20},"5":{"name":"(anonymous_5)","decl":{"start":{"line":23,"column":48},"end":{"line":23,"column":49}},"loc":{"start":{"line":23,"column":63},"end":{"line":29,"column":1}},"line":23},"6":{"name":"(anonymous_6)","decl":{"start":{"line":38,"column":15},"end":{"line":38,"column":16}},"loc":{"start":{"line":38,"column":31},"end":{"line":40,"column":1}},"line":38}},"branchMap":{"0":{"loc":{"start":{"line":3,"column":22},"end":{"line":14,"column":2}},"type":"binary-expr","locations":[{"start":{"line":3,"column":22},"end":{"line":3,"column":26}},{"start":{"line":3,"column":30},"end":{"line":3,"column":50}},{"start":{"line":3,"column":55},"end":{"line":14,"column":1}}],"line":3},"1":{"loc":{"start":{"line":3,"column":55},"end":{"line":14,"column":1}},"type":"cond-expr","locations":[{"start":{"line":3,"column":71},"end":{"line":11,"column":1}},{"start":{"line":11,"column":4},"end":{"line":14,"column":1}}],"line":3},"2":{"loc":{"start":{"line":4,"column":2},"end":{"line":4,"column":31}},"type":"if","locations":[{"start":{"line":4,"column":2},"end":{"line":4,"column":31}},{"start":{},"end":{}}],"line":4},"3":{"loc":{"start":{"line":12,"column":2},"end":{"line":12,"column":31}},"type":"if","locations":[{"start":{"line":12,"column":2},"end":{"line":12,"column":31}},{"start":{},"end":{}}],"line":12},"4":{"loc":{"start":{"line":15,"column":25},"end":{"line":22,"column":2}},"type":"binary-expr","locations":[{"start":{"line":15,"column":25},"end":{"line":15,"column":29}},{"start":{"line":15,"column":33},"end":{"line":15,"column":56}},{"start":{"line":15,"column":61},"end":{"line":22,"column":1}}],"line":15},"5":{"loc":{"start":{"line":15,"column":61},"end":{"line":22,"column":1}},"type":"cond-expr","locations":[{"start":{"line":15,"column":77},"end":{"line":20,"column":1}},{"start":{"line":20,"column":4},"end":{"line":22,"column":1}}],"line":15},"6":{"loc":{"start":{"line":23,"column":19},"end":{"line":29,"column":1}},"type":"binary-expr","locations":[{"start":{"line":23,"column":19},"end":{"line":23,"column":23}},{"start":{"line":23,"column":27},"end":{"line":23,"column":44}},{"start":{"line":23,"column":48},"end":{"line":29,"column":1}}],"line":23},"7":{"loc":{"start":{"line":24,"column":2},"end":{"line":24,"column":40}},"type":"if","locations":[{"start":{"line":24,"column":2},"end":{"line":24,"column":40}},{"start":{},"end":{}}],"line":24},"8":{"loc":{"start":{"line":24,"column":6},"end":{"line":24,"column":27}},"type":"binary-expr","locations":[{"start":{"line":24,"column":6},"end":{"line":24,"column":9}},{"start":{"line":24,"column":13},"end":{"line":24,"column":27}}],"line":24},"9":{"loc":{"start":{"line":26,"column":2},"end":{"line":26,"column":139}},"type":"if","locations":[{"start":{"line":26,"column":2},"end":{"line":26,"column":139}},{"start":{},"end":{}}],"line":26},"10":{"loc":{"start":{"line":26,"column":38},"end":{"line":26,"column":139}},"type":"if","locations":[{"start":{"line":26,"column":38},"end":{"line":26,"column":139}},{"start":{},"end":{}}],"line":26},"11":{"loc":{"start":{"line":26,"column":42},"end":{"line":26,"column":105}},"type":"binary-expr","locations":[{"start":{"line":26,"column":42},"end":{"line":26,"column":57}},{"start":{"line":26,"column":61},"end":{"line":26,"column":105}}],"line":26},"12":{"loc":{"start":{"line":37,"column":20},"end":{"line":37,"column":57}},"type":"binary-expr","locations":[{"start":{"line":37,"column":20},"end":{"line":37,"column":48}},{"start":{"line":37,"column":52},"end":{"line":37,"column":57}}],"line":37},"13":{"loc":{"start":{"line":37,"column":85},"end":{"line":37,"column":122}},"type":"binary-expr","locations":[{"start":{"line":37,"column":85},"end":{"line":37,"column":113}},{"start":{"line":37,"column":117},"end":{"line":37,"column":122}}],"line":37},"14":{"loc":{"start":{"line":38,"column":0},"end":{"line":42,"column":1}},"type":"if","locations":[{"start":{"line":38,"column":0},"end":{"line":42,"column":1}},{"start":{},"end":{}}],"line":38}},"s":{"0":1,"1":104,"2":104,"3":104,"4":2,"5":0,"6":0,"7":0,"8":1,"9":1,"10":0,"11":1,"12":1,"13":0,"14":1,"15":1,"16":1,"17":104,"18":104,"19":1,"20":1,"21":1,"22":1,"23":1,"24":1,"25":1,"26":2,"27":0,"28":1,"29":1},"f":{"0":104,"1":2,"2":0,"3":1,"4":0,"5":1,"6":2},"b":{"0":[1,1,1],"1":[1,0],"2":[104,0],"3":[0,0],"4":[1,1,1],"5":[1,0],"6":[1,1,1],"7":[0,1],"8":[1,1],"9":[1,0],"10":[104,0],"11":[104,104],"12":[1,1],"13":[1,1],"14":[0,1]},"inputSourceMap":null,"_coverageSchema":"1a1c01bbd47fc00a2c39e90264f33305004495a9","hash":"9f89f1e524e2f32bd947f04a4b5912380e1ee878"}
,"/Users/wweber/Source/reactory/reactory-express-server/src/workflow/WorkflowRunner/WorkflowRunner.ts": {"path":"/Users/wweber/Source/reactory/reactory-express-server/src/workflow/WorkflowRunner/WorkflowRunner.ts","statementMap":{"0":{"start":{"line":3,"column":33},"end":{"line":3,"column":113}},"1":{"start":{"line":3,"column":56},"end":{"line":3,"column":113}},"2":{"start":{"line":4,"column":35},"end":{"line":4,"column":230}},"3":{"start":{"line":4,"column":48},"end":{"line":4,"column":49}},"4":{"start":{"line":4,"column":80},"end":{"line":4,"column":84}},"5":{"start":{"line":4,"column":86},"end":{"line":4,"column":228}},"6":{"start":{"line":5,"column":33},"end":{"line":5,"column":169}},"7":{"start":{"line":6,"column":37},"end":{"line":6,"column":62}},"8":{"start":{"line":6,"column":64},"end":{"line":6,"column":105}},"9":{"start":{"line":7,"column":30},"end":{"line":7,"column":71}},"10":{"start":{"line":7,"column":62},"end":{"line":7,"column":71}},"11":{"start":{"line":7,"column":80},"end":{"line":7,"column":101}},"12":{"start":{"line":7,"column":103},"end":{"line":7,"column":264}},"13":{"start":{"line":7,"column":131},"end":{"line":7,"column":156}},"14":{"start":{"line":7,"column":158},"end":{"line":7,"column":193}},"15":{"start":{"line":7,"column":184},"end":{"line":7,"column":193}},"16":{"start":{"line":7,"column":194},"end":{"line":7,"column":262}},"17":{"start":{"line":7,"column":265},"end":{"line":7,"column":310}},"18":{"start":{"line":8,"column":22},"end":{"line":12,"column":1}},"19":{"start":{"line":9,"column":2},"end":{"line":11,"column":4}},"20":{"start":{"line":13,"column":0},"end":{"line":15,"column":3}},"21":{"start":{"line":16,"column":0},"end":{"line":16,"column":59}},"22":{"start":{"line":17,"column":22},"end":{"line":17,"column":44}},"23":{"start":{"line":18,"column":30},"end":{"line":18,"column":60}},"24":{"start":{"line":19,"column":17},"end":{"line":19,"column":34}},"25":{"start":{"line":20,"column":17},"end":{"line":20,"column":51}},"26":{"start":{"line":21,"column":14},"end":{"line":21,"column":51}},"27":{"start":{"line":22,"column":26},"end":{"line":22,"column":77}},"28":{"start":{"line":23,"column":18},"end":{"line":23,"column":59}},"29":{"start":{"line":24,"column":18},"end":{"line":24,"column":59}},"30":{"start":{"line":27,"column":4},"end":{"line":27,"column":15}},"31":{"start":{"line":28,"column":27},"end":{"line":28,"column":29}},"32":{"start":{"line":29,"column":0},"end":{"line":40,"column":3}},"33":{"start":{"line":30,"column":2},"end":{"line":39,"column":3}},"34":{"start":{"line":31,"column":4},"end":{"line":38,"column":7}},"35":{"start":{"line":32,"column":6},"end":{"line":37,"column":7}},"36":{"start":{"line":33,"column":8},"end":{"line":33,"column":99}},"37":{"start":{"line":34,"column":8},"end":{"line":34,"column":42}},"38":{"start":{"line":36,"column":8},"end":{"line":36,"column":151}},"39":{"start":{"line":41,"column":0},"end":{"line":47,"column":26}},"40":{"start":{"line":48,"column":21},"end":{"line":50,"column":1}},"41":{"start":{"line":49,"column":2},"end":{"line":49,"column":43}},"42":{"start":{"line":49,"column":32},"end":{"line":49,"column":43}},"43":{"start":{"line":51,"column":26},"end":{"line":72,"column":3}},"44":{"start":{"line":53,"column":4},"end":{"line":53,"column":34}},"45":{"start":{"line":55,"column":2},"end":{"line":70,"column":6}},"46":{"start":{"line":58,"column":6},"end":{"line":58,"column":55}},"47":{"start":{"line":63,"column":6},"end":{"line":63,"column":54}},"48":{"start":{"line":68,"column":6},"end":{"line":68,"column":55}},"49":{"start":{"line":71,"column":2},"end":{"line":71,"column":16}},"50":{"start":{"line":76,"column":34},"end":{"line":394,"column":3}},"51":{"start":{"line":78,"column":4},"end":{"line":78,"column":42}},"52":{"start":{"line":79,"column":4},"end":{"line":79,"column":27}},"53":{"start":{"line":80,"column":4},"end":{"line":80,"column":28}},"54":{"start":{"line":81,"column":4},"end":{"line":81,"column":32}},"55":{"start":{"line":82,"column":4},"end":{"line":82,"column":28}},"56":{"start":{"line":83,"column":4},"end":{"line":83,"column":23}},"57":{"start":{"line":84,"column":4},"end":{"line":87,"column":6}},"58":{"start":{"line":88,"column":4},"end":{"line":88,"column":49}},"59":{"start":{"line":89,"column":4},"end":{"line":89,"column":55}},"60":{"start":{"line":90,"column":4},"end":{"line":90,"column":61}},"61":{"start":{"line":91,"column":4},"end":{"line":91,"column":61}},"62":{"start":{"line":92,"column":4},"end":{"line":92,"column":57}},"63":{"start":{"line":93,"column":4},"end":{"line":93,"column":45}},"64":{"start":{"line":94,"column":4},"end":{"line":94,"column":37}},"65":{"start":{"line":99,"column":2},"end":{"line":392,"column":6}},"66":{"start":{"line":102,"column":6},"end":{"line":105,"column":7}},"67":{"start":{"line":103,"column":8},"end":{"line":103,"column":69}},"68":{"start":{"line":104,"column":8},"end":{"line":104,"column":15}},"69":{"start":{"line":106,"column":6},"end":{"line":126,"column":7}},"70":{"start":{"line":107,"column":8},"end":{"line":107,"column":31}},"71":{"start":{"line":111,"column":12},"end":{"line":111,"column":30}},"72":{"start":{"line":112,"column":8},"end":{"line":114,"column":11}},"73":{"start":{"line":115,"column":8},"end":{"line":115,"column":35}},"74":{"start":{"line":116,"column":8},"end":{"line":116,"column":32}},"75":{"start":{"line":118,"column":8},"end":{"line":118,"column":43}},"76":{"start":{"line":120,"column":8},"end":{"line":120,"column":54}},"77":{"start":{"line":121,"column":8},"end":{"line":121,"column":74}},"78":{"start":{"line":123,"column":8},"end":{"line":123,"column":32}},"79":{"start":{"line":124,"column":8},"end":{"line":124,"column":78}},"80":{"start":{"line":125,"column":8},"end":{"line":125,"column":20}},"81":{"start":{"line":134,"column":18},"end":{"line":134,"column":22}},"82":{"start":{"line":135,"column":6},"end":{"line":156,"column":7}},"83":{"start":{"line":136,"column":8},"end":{"line":152,"column":11}},"84":{"start":{"line":137,"column":10},"end":{"line":151,"column":11}},"85":{"start":{"line":138,"column":12},"end":{"line":138,"column":83}},"86":{"start":{"line":144,"column":16},"end":{"line":144,"column":23}},"87":{"start":{"line":145,"column":32},"end":{"line":145,"column":76}},"88":{"start":{"line":146,"column":12},"end":{"line":146,"column":95}},"89":{"start":{"line":147,"column":12},"end":{"line":147,"column":94}},"90":{"start":{"line":149,"column":12},"end":{"line":149,"column":79}},"91":{"start":{"line":154,"column":8},"end":{"line":154,"column":77}},"92":{"start":{"line":164,"column":6},"end":{"line":208,"column":7}},"93":{"start":{"line":165,"column":8},"end":{"line":204,"column":9}},"94":{"start":{"line":166,"column":10},"end":{"line":168,"column":13}},"95":{"start":{"line":174,"column":14},"end":{"line":174,"column":31}},"96":{"start":{"line":175,"column":28},"end":{"line":178,"column":11}},"97":{"start":{"line":179,"column":10},"end":{"line":203,"column":11}},"98":{"start":{"line":180,"column":12},"end":{"line":191,"column":49}},"99":{"start":{"line":181,"column":14},"end":{"line":190,"column":15}},"100":{"start":{"line":182,"column":16},"end":{"line":187,"column":19}},"101":{"start":{"line":189,"column":16},"end":{"line":189,"column":110}},"102":{"start":{"line":193,"column":12},"end":{"line":202,"column":13}},"103":{"start":{"line":194,"column":14},"end":{"line":199,"column":17}},"104":{"start":{"line":201,"column":14},"end":{"line":201,"column":110}},"105":{"start":{"line":206,"column":8},"end":{"line":206,"column":79}},"106":{"start":{"line":216,"column":6},"end":{"line":219,"column":9}},"107":{"start":{"line":227,"column":23},"end":{"line":229,"column":7}},"108":{"start":{"line":230,"column":6},"end":{"line":233,"column":8}},"109":{"start":{"line":234,"column":6},"end":{"line":234,"column":48}},"110":{"start":{"line":235,"column":6},"end":{"line":235,"column":34}},"111":{"start":{"line":243,"column":6},"end":{"line":248,"column":7}},"112":{"start":{"line":244,"column":8},"end":{"line":244,"column":109}},"113":{"start":{"line":246,"column":8},"end":{"line":246,"column":69}},"114":{"start":{"line":247,"column":8},"end":{"line":247,"column":21}},"115":{"start":{"line":256,"column":6},"end":{"line":272,"column":7}},"116":{"start":{"line":257,"column":8},"end":{"line":259,"column":9}},"117":{"start":{"line":258,"column":10},"end":{"line":258,"column":46}},"118":{"start":{"line":260,"column":8},"end":{"line":260,"column":69}},"119":{"start":{"line":261,"column":8},"end":{"line":268,"column":9}},"120":{"start":{"line":262,"column":10},"end":{"line":262,"column":63}},"121":{"start":{"line":263,"column":10},"end":{"line":265,"column":13}},"122":{"start":{"line":267,"column":10},"end":{"line":267,"column":59}},"123":{"start":{"line":270,"column":8},"end":{"line":270,"column":70}},"124":{"start":{"line":271,"column":8},"end":{"line":271,"column":20}},"125":{"start":{"line":280,"column":6},"end":{"line":292,"column":7}},"126":{"start":{"line":281,"column":8},"end":{"line":286,"column":9}},"127":{"start":{"line":282,"column":10},"end":{"line":282,"column":77}},"128":{"start":{"line":283,"column":35},"end":{"line":283,"column":89}},"129":{"start":{"line":284,"column":10},"end":{"line":284,"column":43}},"130":{"start":{"line":285,"column":10},"end":{"line":285,"column":34}},"131":{"start":{"line":287,"column":8},"end":{"line":287,"column":76}},"132":{"start":{"line":288,"column":8},"end":{"line":288,"column":20}},"133":{"start":{"line":290,"column":8},"end":{"line":290,"column":77}},"134":{"start":{"line":291,"column":8},"end":{"line":291,"column":20}},"135":{"start":{"line":300,"column":6},"end":{"line":312,"column":7}},"136":{"start":{"line":301,"column":8},"end":{"line":306,"column":9}},"137":{"start":{"line":302,"column":10},"end":{"line":304,"column":11}},"138":{"start":{"line":303,"column":12},"end":{"line":303,"column":43}},"139":{"start":{"line":305,"column":10},"end":{"line":305,"column":34}},"140":{"start":{"line":307,"column":8},"end":{"line":307,"column":36}},"141":{"start":{"line":308,"column":8},"end":{"line":308,"column":57}},"142":{"start":{"line":310,"column":8},"end":{"line":310,"column":72}},"143":{"start":{"line":311,"column":8},"end":{"line":311,"column":20}},"144":{"start":{"line":320,"column":6},"end":{"line":354,"column":7}},"145":{"start":{"line":321,"column":23},"end":{"line":321,"column":61}},"146":{"start":{"line":324,"column":12},"end":{"line":324,"column":22}},"147":{"start":{"line":325,"column":8},"end":{"line":325,"column":39}},"148":{"start":{"line":326,"column":8},"end":{"line":326,"column":63}},"149":{"start":{"line":327,"column":8},"end":{"line":329,"column":9}},"150":{"start":{"line":328,"column":10},"end":{"line":328,"column":50}},"151":{"start":{"line":330,"column":21},"end":{"line":330,"column":37}},"152":{"start":{"line":331,"column":26},"end":{"line":331,"column":28}},"153":{"start":{"line":332,"column":8},"end":{"line":345,"column":9}},"154":{"start":{"line":333,"column":10},"end":{"line":344,"column":11}},"155":{"start":{"line":334,"column":12},"end":{"line":336,"column":15}},"156":{"start":{"line":337,"column":12},"end":{"line":337,"column":54}},"157":{"start":{"line":338,"column":12},"end":{"line":340,"column":13}},"158":{"start":{"line":339,"column":14},"end":{"line":339,"column":39}},"159":{"start":{"line":342,"column":12},"end":{"line":342,"column":91}},"160":{"start":{"line":346,"column":8},"end":{"line":346,"column":27}},"161":{"start":{"line":347,"column":8},"end":{"line":350,"column":10}},"162":{"start":{"line":352,"column":8},"end":{"line":352,"column":66}},"163":{"start":{"line":353,"column":8},"end":{"line":353,"column":20}},"164":{"start":{"line":362,"column":6},"end":{"line":372,"column":7}},"165":{"start":{"line":363,"column":8},"end":{"line":365,"column":9}},"166":{"start":{"line":364,"column":10},"end":{"line":364,"column":59}},"167":{"start":{"line":366,"column":28},"end":{"line":366,"column":82}},"168":{"start":{"line":367,"column":8},"end":{"line":367,"column":95}},"169":{"start":{"line":368,"column":8},"end":{"line":368,"column":27}},"170":{"start":{"line":370,"column":8},"end":{"line":370,"column":84}},"171":{"start":{"line":371,"column":8},"end":{"line":371,"column":20}},"172":{"start":{"line":380,"column":6},"end":{"line":382,"column":8}},"173":{"start":{"line":390,"column":6},"end":{"line":390,"column":33}},"174":{"start":{"line":393,"column":2},"end":{"line":393,"column":24}},"175":{"start":{"line":395,"column":0},"end":{"line":395,"column":40}}},"fnMap":{"0":{"name":"_classCallCheck","decl":{"start":{"line":3,"column":9},"end":{"line":3,"column":24}},"loc":{"start":{"line":3,"column":31},"end":{"line":3,"column":115}},"line":3},"1":{"name":"_defineProperties","decl":{"start":{"line":4,"column":9},"end":{"line":4,"column":26}},"loc":{"start":{"line":4,"column":33},"end":{"line":4,"column":232}},"line":4},"2":{"name":"_createClass","decl":{"start":{"line":5,"column":9},"end":{"line":5,"column":21}},"loc":{"start":{"line":5,"column":31},"end":{"line":5,"column":171}},"line":5},"3":{"name":"_toPropertyKey","decl":{"start":{"line":6,"column":9},"end":{"line":6,"column":23}},"loc":{"start":{"line":6,"column":27},"end":{"line":6,"column":107}},"line":6},"4":{"name":"_toPrimitive","decl":{"start":{"line":7,"column":9},"end":{"line":7,"column":21}},"loc":{"start":{"line":7,"column":28},"end":{"line":7,"column":312}},"line":7},"5":{"name":"(anonymous_5)","decl":{"start":{"line":8,"column":54},"end":{"line":8,"column":55}},"loc":{"start":{"line":8,"column":69},"end":{"line":12,"column":1}},"line":8},"6":{"name":"(anonymous_6)","decl":{"start":{"line":29,"column":34},"end":{"line":29,"column":35}},"loc":{"start":{"line":29,"column":60},"end":{"line":40,"column":1}},"line":29},"7":{"name":"(anonymous_7)","decl":{"start":{"line":31,"column":37},"end":{"line":31,"column":38}},"loc":{"start":{"line":31,"column":57},"end":{"line":38,"column":5}},"line":31},"8":{"name":"(anonymous_8)","decl":{"start":{"line":48,"column":21},"end":{"line":48,"column":22}},"loc":{"start":{"line":48,"column":43},"end":{"line":50,"column":1}},"line":48},"9":{"name":"(anonymous_9)","decl":{"start":{"line":51,"column":26},"end":{"line":51,"column":27}},"loc":{"start":{"line":51,"column":38},"end":{"line":72,"column":1}},"line":51},"10":{"name":"Logger","decl":{"start":{"line":52,"column":11},"end":{"line":52,"column":17}},"loc":{"start":{"line":52,"column":20},"end":{"line":54,"column":3}},"line":52},"11":{"name":"error","decl":{"start":{"line":57,"column":20},"end":{"line":57,"column":25}},"loc":{"start":{"line":57,"column":54},"end":{"line":59,"column":5}},"line":57},"12":{"name":"info","decl":{"start":{"line":62,"column":20},"end":{"line":62,"column":24}},"loc":{"start":{"line":62,"column":53},"end":{"line":64,"column":5}},"line":62},"13":{"name":"log","decl":{"start":{"line":67,"column":20},"end":{"line":67,"column":23}},"loc":{"start":{"line":67,"column":52},"end":{"line":69,"column":5}},"line":67},"14":{"name":"(anonymous_14)","decl":{"start":{"line":76,"column":34},"end":{"line":76,"column":35}},"loc":{"start":{"line":76,"column":46},"end":{"line":394,"column":1}},"line":76},"15":{"name":"WorkflowRunner","decl":{"start":{"line":77,"column":11},"end":{"line":77,"column":25}},"loc":{"start":{"line":77,"column":33},"end":{"line":95,"column":3}},"line":77},"16":{"name":"initialize","decl":{"start":{"line":101,"column":26},"end":{"line":101,"column":36}},"loc":{"start":{"line":101,"column":39},"end":{"line":127,"column":5}},"line":101},"17":{"name":"setupAmqEventHandlers","decl":{"start":{"line":133,"column":26},"end":{"line":133,"column":47}},"loc":{"start":{"line":133,"column":50},"end":{"line":157,"column":5}},"line":133},"18":{"name":"(anonymous_18)","decl":{"start":{"line":136,"column":55},"end":{"line":136,"column":56}},"loc":{"start":{"line":136,"column":80},"end":{"line":152,"column":9}},"line":136},"19":{"name":"startAutoStartWorkflows","decl":{"start":{"line":163,"column":26},"end":{"line":163,"column":49}},"loc":{"start":{"line":163,"column":61},"end":{"line":209,"column":5}},"line":163},"20":{"name":"(anonymous_20)","decl":{"start":{"line":180,"column":24},"end":{"line":180,"column":25}},"loc":{"start":{"line":180,"column":42},"end":{"line":191,"column":13}},"line":180},"21":{"name":"onStateChanged","decl":{"start":{"line":215,"column":20},"end":{"line":215,"column":34}},"loc":{"start":{"line":215,"column":55},"end":{"line":220,"column":5}},"line":215},"22":{"name":"setState","decl":{"start":{"line":226,"column":20},"end":{"line":226,"column":28}},"loc":{"start":{"line":226,"column":40},"end":{"line":236,"column":5}},"line":226},"23":{"name":"validateWorkflow","decl":{"start":{"line":242,"column":20},"end":{"line":242,"column":36}},"loc":{"start":{"line":242,"column":47},"end":{"line":249,"column":5}},"line":242},"24":{"name":"registerWorkflow","decl":{"start":{"line":255,"column":20},"end":{"line":255,"column":36}},"loc":{"start":{"line":255,"column":47},"end":{"line":273,"column":5}},"line":255},"25":{"name":"getPersistenceProvider","decl":{"start":{"line":279,"column":26},"end":{"line":279,"column":48}},"loc":{"start":{"line":279,"column":51},"end":{"line":293,"column":5}},"line":279},"26":{"name":"stop","decl":{"start":{"line":299,"column":26},"end":{"line":299,"column":30}},"loc":{"start":{"line":299,"column":33},"end":{"line":313,"column":5}},"line":299},"27":{"name":"start","decl":{"start":{"line":319,"column":26},"end":{"line":319,"column":31}},"loc":{"start":{"line":319,"column":34},"end":{"line":355,"column":5}},"line":319},"28":{"name":"startWorkflow","decl":{"start":{"line":361,"column":26},"end":{"line":361,"column":39}},"loc":{"start":{"line":361,"column":59},"end":{"line":373,"column":5}},"line":361},"29":{"name":"getState","decl":{"start":{"line":379,"column":20},"end":{"line":379,"column":28}},"loc":{"start":{"line":379,"column":31},"end":{"line":383,"column":5}},"line":379},"30":{"name":"isInitialized","decl":{"start":{"line":389,"column":20},"end":{"line":389,"column":33}},"loc":{"start":{"line":389,"column":36},"end":{"line":391,"column":5}},"line":389}},"branchMap":{"0":{"loc":{"start":{"line":3,"column":33},"end":{"line":3,"column":113}},"type":"if","locations":[{"start":{"line":3,"column":33},"end":{"line":3,"column":113}},{"start":{},"end":{}}],"line":3},"1":{"loc":{"start":{"line":4,"column":101},"end":{"line":4,"column":119}},"type":"binary-expr","locations":[{"start":{"line":4,"column":101},"end":{"line":4,"column":113}},{"start":{"line":4,"column":117},"end":{"line":4,"column":119}}],"line":4},"2":{"loc":{"start":{"line":4,"column":142},"end":{"line":4,"column":175}},"type":"binary-expr","locations":[{"start":{"line":4,"column":142},"end":{"line":4,"column":154}},{"start":{"line":4,"column":159},"end":{"line":4,"column":174}}],"line":4},"3":{"loc":{"start":{"line":5,"column":40},"end":{"line":5,"column":78}},"type":"binary-expr","locations":[{"start":{"line":5,"column":40},"end":{"line":5,"column":41}},{"start":{"line":5,"column":45},"end":{"line":5,"column":78}}],"line":5},"4":{"loc":{"start":{"line":5,"column":80},"end":{"line":5,"column":108}},"type":"binary-expr","locations":[{"start":{"line":5,"column":80},"end":{"line":5,"column":81}},{"start":{"line":5,"column":85},"end":{"line":5,"column":108}}],"line":5},"5":{"loc":{"start":{"line":6,"column":71},"end":{"line":6,"column":104}},"type":"cond-expr","locations":[{"start":{"line":6,"column":94},"end":{"line":6,"column":95}},{"start":{"line":6,"column":98},"end":{"line":6,"column":104}}],"line":6},"6":{"loc":{"start":{"line":7,"column":30},"end":{"line":7,"column":71}},"type":"if","locations":[{"start":{"line":7,"column":30},"end":{"line":7,"column":71}},{"start":{},"end":{}}],"line":7},"7":{"loc":{"start":{"line":7,"column":34},"end":{"line":7,"column":60}},"type":"binary-expr","locations":[{"start":{"line":7,"column":34},"end":{"line":7,"column":54}},{"start":{"line":7,"column":58},"end":{"line":7,"column":60}}],"line":7},"8":{"loc":{"start":{"line":7,"column":103},"end":{"line":7,"column":264}},"type":"if","locations":[{"start":{"line":7,"column":103},"end":{"line":7,"column":264}},{"start":{},"end":{}}],"line":7},"9":{"loc":{"start":{"line":7,"column":141},"end":{"line":7,"column":155}},"type":"binary-expr","locations":[{"start":{"line":7,"column":141},"end":{"line":7,"column":142}},{"start":{"line":7,"column":146},"end":{"line":7,"column":155}}],"line":7},"10":{"loc":{"start":{"line":7,"column":158},"end":{"line":7,"column":193}},"type":"if","locations":[{"start":{"line":7,"column":158},"end":{"line":7,"column":193}},{"start":{},"end":{}}],"line":7},"11":{"loc":{"start":{"line":7,"column":273},"end":{"line":7,"column":305}},"type":"cond-expr","locations":[{"start":{"line":7,"column":290},"end":{"line":7,"column":296}},{"start":{"line":7,"column":299},"end":{"line":7,"column":305}}],"line":7},"12":{"loc":{"start":{"line":8,"column":22},"end":{"line":12,"column":1}},"type":"binary-expr","locations":[{"start":{"line":8,"column":22},"end":{"line":8,"column":26}},{"start":{"line":8,"column":30},"end":{"line":8,"column":50}},{"start":{"line":8,"column":54},"end":{"line":12,"column":1}}],"line":8},"13":{"loc":{"start":{"line":9,"column":9},"end":{"line":11,"column":3}},"type":"cond-expr","locations":[{"start":{"line":9,"column":33},"end":{"line":9,"column":36}},{"start":{"line":9,"column":39},"end":{"line":11,"column":3}}],"line":9},"14":{"loc":{"start":{"line":9,"column":9},"end":{"line":9,"column":30}},"type":"binary-expr","locations":[{"start":{"line":9,"column":9},"end":{"line":9,"column":12}},{"start":{"line":9,"column":16},"end":{"line":9,"column":30}}],"line":9},"15":{"loc":{"start":{"line":30,"column":2},"end":{"line":39,"column":3}},"type":"if","locations":[{"start":{"line":30,"column":2},"end":{"line":39,"column":3}},{"start":{},"end":{}}],"line":30},"16":{"loc":{"start":{"line":32,"column":6},"end":{"line":37,"column":7}},"type":"if","locations":[{"start":{"line":32,"column":6},"end":{"line":37,"column":7}},{"start":{"line":35,"column":13},"end":{"line":37,"column":7}}],"line":32},"17":{"loc":{"start":{"line":32,"column":10},"end":{"line":32,"column":74}},"type":"binary-expr","locations":[{"start":{"line":32,"column":10},"end":{"line":32,"column":38}},{"start":{"line":32,"column":42},"end":{"line":32,"column":74}}],"line":32},"18":{"loc":{"start":{"line":49,"column":2},"end":{"line":49,"column":43}},"type":"if","locations":[{"start":{"line":49,"column":2},"end":{"line":49,"column":43}},{"start":{},"end":{}}],"line":49},"19":{"loc":{"start":{"line":85,"column":17},"end":{"line":85,"column":60}},"type":"binary-expr","locations":[{"start":{"line":85,"column":17},"end":{"line":85,"column":32}},{"start":{"line":85,"column":36},"end":{"line":85,"column":60}}],"line":85},"20":{"loc":{"start":{"line":102,"column":6},"end":{"line":105,"column":7}},"type":"if","locations":[{"start":{"line":102,"column":6},"end":{"line":105,"column":7}},{"start":{},"end":{}}],"line":102},"21":{"loc":{"start":{"line":177,"column":19},"end":{"line":177,"column":48}},"type":"binary-expr","locations":[{"start":{"line":177,"column":19},"end":{"line":177,"column":42}},{"start":{"line":177,"column":46},"end":{"line":177,"column":48}}],"line":177},"22":{"loc":{"start":{"line":179,"column":10},"end":{"line":203,"column":11}},"type":"if","locations":[{"start":{"line":179,"column":10},"end":{"line":203,"column":11}},{"start":{"line":192,"column":17},"end":{"line":203,"column":11}}],"line":179},"23":{"loc":{"start":{"line":244,"column":18},"end":{"line":244,"column":107}},"type":"binary-expr","locations":[{"start":{"line":244,"column":18},"end":{"line":244,"column":26}},{"start":{"line":244,"column":30},"end":{"line":244,"column":48}},{"start":{"line":244,"column":52},"end":{"line":244,"column":65}},{"start":{"line":244,"column":69},"end":{"line":244,"column":85}},{"start":{"line":244,"column":89},"end":{"line":244,"column":107}}],"line":244},"24":{"loc":{"start":{"line":257,"column":8},"end":{"line":259,"column":9}},"type":"if","locations":[{"start":{"line":257,"column":8},"end":{"line":259,"column":9}},{"start":{},"end":{}}],"line":257},"25":{"loc":{"start":{"line":261,"column":8},"end":{"line":268,"column":9}},"type":"if","locations":[{"start":{"line":261,"column":8},"end":{"line":268,"column":9}},{"start":{"line":266,"column":15},"end":{"line":268,"column":9}}],"line":261},"26":{"loc":{"start":{"line":281,"column":8},"end":{"line":286,"column":9}},"type":"if","locations":[{"start":{"line":281,"column":8},"end":{"line":286,"column":9}},{"start":{},"end":{}}],"line":281},"27":{"loc":{"start":{"line":301,"column":8},"end":{"line":306,"column":9}},"type":"if","locations":[{"start":{"line":301,"column":8},"end":{"line":306,"column":9}},{"start":{},"end":{}}],"line":301},"28":{"loc":{"start":{"line":302,"column":10},"end":{"line":304,"column":11}},"type":"if","locations":[{"start":{"line":302,"column":10},"end":{"line":304,"column":11}},{"start":{},"end":{}}],"line":302},"29":{"loc":{"start":{"line":302,"column":14},"end":{"line":302,"column":94}},"type":"binary-expr","locations":[{"start":{"line":302,"column":14},"end":{"line":302,"column":22}},{"start":{"line":302,"column":26},"end":{"line":302,"column":94}}],"line":302},"30":{"loc":{"start":{"line":327,"column":8},"end":{"line":329,"column":9}},"type":"if","locations":[{"start":{"line":327,"column":8},"end":{"line":329,"column":9}},{"start":{},"end":{}}],"line":327},"31":{"loc":{"start":{"line":338,"column":12},"end":{"line":340,"column":13}},"type":"if","locations":[{"start":{"line":338,"column":12},"end":{"line":340,"column":13}},{"start":{},"end":{}}],"line":338},"32":{"loc":{"start":{"line":363,"column":8},"end":{"line":365,"column":9}},"type":"if","locations":[{"start":{"line":363,"column":8},"end":{"line":365,"column":9}},{"start":{},"end":{}}],"line":363}},"s":{"0":41,"1":0,"2":2,"3":2,"4":16,"5":16,"6":2,"7":16,"8":16,"9":16,"10":16,"11":0,"12":0,"13":0,"14":0,"15":0,"16":0,"17":0,"18":1,"19":5,"20":1,"21":1,"22":1,"23":1,"24":1,"25":1,"26":1,"27":1,"28":1,"29":1,"30":1,"31":1,"32":1,"33":0,"34":0,"35":0,"36":0,"37":0,"38":0,"39":1,"40":1,"41":18,"42":0,"43":1,"44":17,"45":1,"46":0,"47":0,"48":0,"49":1,"50":1,"51":24,"52":24,"53":24,"54":24,"55":24,"56":24,"57":24,"58":24,"59":24,"60":24,"61":24,"62":24,"63":24,"64":24,"65":1,"66":18,"67":1,"68":1,"69":17,"70":17,"71":17,"72":16,"73":16,"74":16,"75":16,"76":16,"77":16,"78":1,"79":1,"80":1,"81":16,"82":16,"83":16,"84":2,"85":2,"86":2,"87":2,"88":1,"89":1,"90":1,"91":0,"92":16,"93":16,"94":0,"95":0,"96":0,"97":0,"98":0,"99":0,"100":0,"101":0,"102":0,"103":0,"104":0,"105":0,"106":18,"107":18,"108":18,"109":18,"110":18,"111":5,"112":5,"113":0,"114":0,"115":5,"116":5,"117":2,"118":3,"119":3,"120":2,"121":2,"122":1,"123":3,"124":3,"125":17,"126":17,"127":0,"128":0,"129":0,"130":0,"131":17,"132":17,"133":0,"134":0,"135":3,"136":3,"137":0,"138":0,"139":0,"140":3,"141":3,"142":0,"143":0,"144":17,"145":17,"146":17,"147":17,"148":17,"149":17,"150":0,"151":17,"152":17,"153":17,"154":17,"155":17,"156":17,"157":17,"158":0,"159":0,"160":17,"161":16,"162":1,"163":1,"164":5,"165":5,"166":1,"167":4,"168":2,"169":2,"170":3,"171":3,"172":5,"173":9,"174":1,"175":1},"f":{"0":41,"1":2,"2":2,"3":16,"4":16,"5":5,"6":0,"7":0,"8":18,"9":1,"10":17,"11":0,"12":0,"13":0,"14":1,"15":24,"16":18,"17":16,"18":2,"19":16,"20":0,"21":18,"22":18,"23":5,"24":5,"25":17,"26":3,"27":17,"28":5,"29":5,"30":9},"b":{"0":[0,41],"1":[16,16],"2":[16,16],"3":[2,2],"4":[2,0],"5":[0,16],"6":[16,0],"7":[16,0],"8":[0,0],"9":[0,0],"10":[0,0],"11":[0,0],"12":[1,1,1],"13":[2,3],"14":[5,5],"15":[0,0],"16":[0,0],"17":[0,0],"18":[0,18],"19":[24,0],"20":[1,17],"21":[0,0],"22":[0,0],"23":[5,5,5,3,3],"24":[2,3],"25":[2,1],"26":[0,17],"27":[0,3],"28":[0,0],"29":[0,0],"30":[0,17],"31":[0,17],"32":[1,4]},"inputSourceMap":null,"_coverageSchema":"1a1c01bbd47fc00a2c39e90264f33305004495a9","hash":"a07fe32adbe63176f4a5990cb87de9129b922c5b"}
,"/Users/wweber/Source/reactory/reactory-express-server/src/workflow/core/StartupWorkflow.ts": {"path":"/Users/wweber/Source/reactory/reactory-express-server/src/workflow/core/StartupWorkflow.ts","statementMap":{"0":{"start":{"line":3,"column":33},"end":{"line":3,"column":113}},"1":{"start":{"line":3,"column":56},"end":{"line":3,"column":113}},"2":{"start":{"line":4,"column":35},"end":{"line":4,"column":230}},"3":{"start":{"line":4,"column":48},"end":{"line":4,"column":49}},"4":{"start":{"line":4,"column":80},"end":{"line":4,"column":84}},"5":{"start":{"line":4,"column":86},"end":{"line":4,"column":228}},"6":{"start":{"line":5,"column":33},"end":{"line":5,"column":169}},"7":{"start":{"line":6,"column":37},"end":{"line":6,"column":62}},"8":{"start":{"line":6,"column":64},"end":{"line":6,"column":105}},"9":{"start":{"line":7,"column":30},"end":{"line":7,"column":71}},"10":{"start":{"line":7,"column":62},"end":{"line":7,"column":71}},"11":{"start":{"line":7,"column":80},"end":{"line":7,"column":101}},"12":{"start":{"line":7,"column":103},"end":{"line":7,"column":264}},"13":{"start":{"line":7,"column":131},"end":{"line":7,"column":156}},"14":{"start":{"line":7,"column":158},"end":{"line":7,"column":193}},"15":{"start":{"line":7,"column":184},"end":{"line":7,"column":193}},"16":{"start":{"line":7,"column":194},"end":{"line":7,"column":262}},"17":{"start":{"line":7,"column":265},"end":{"line":7,"column":310}},"18":{"start":{"line":8,"column":27},"end":{"line":8,"column":143}},"19":{"start":{"line":8,"column":69},"end":{"line":8,"column":143}},"20":{"start":{"line":8,"column":144},"end":{"line":8,"column":338}},"21":{"start":{"line":9,"column":33},"end":{"line":9,"column":183}},"22":{"start":{"line":9,"column":131},"end":{"line":9,"column":157}},"23":{"start":{"line":10,"column":35},"end":{"line":10,"column":62}},"24":{"start":{"line":10,"column":64},"end":{"line":10,"column":291}},"25":{"start":{"line":10,"column":96},"end":{"line":10,"column":114}},"26":{"start":{"line":10,"column":116},"end":{"line":10,"column":244}},"27":{"start":{"line":10,"column":133},"end":{"line":10,"column":166}},"28":{"start":{"line":10,"column":168},"end":{"line":10,"column":207}},"29":{"start":{"line":10,"column":215},"end":{"line":10,"column":244}},"30":{"start":{"line":10,"column":245},"end":{"line":10,"column":288}},"31":{"start":{"line":11,"column":44},"end":{"line":11,"column":112}},"32":{"start":{"line":11,"column":103},"end":{"line":11,"column":112}},"33":{"start":{"line":11,"column":113},"end":{"line":11,"column":211}},"34":{"start":{"line":11,"column":131},"end":{"line":11,"column":211}},"35":{"start":{"line":11,"column":212},"end":{"line":11,"column":245}},"36":{"start":{"line":12,"column":37},"end":{"line":12,"column":141}},"37":{"start":{"line":12,"column":55},"end":{"line":12,"column":141}},"38":{"start":{"line":12,"column":142},"end":{"line":12,"column":151}},"39":{"start":{"line":13,"column":39},"end":{"line":13,"column":148}},"40":{"start":{"line":13,"column":53},"end":{"line":13,"column":132}},"41":{"start":{"line":13,"column":149},"end":{"line":13,"column":216}},"42":{"start":{"line":13,"column":199},"end":{"line":13,"column":210}},"43":{"start":{"line":14,"column":30},"end":{"line":14,"column":195}},"44":{"start":{"line":14,"column":125},"end":{"line":14,"column":172}},"45":{"start":{"line":15,"column":22},"end":{"line":19,"column":1}},"46":{"start":{"line":16,"column":2},"end":{"line":18,"column":4}},"47":{"start":{"line":20,"column":0},"end":{"line":22,"column":3}},"48":{"start":{"line":23,"column":22},"end":{"line":23,"column":44}},"49":{"start":{"line":24,"column":17},"end":{"line":24,"column":51}},"50":{"start":{"line":25,"column":18},"end":{"line":25,"column":59}},"51":{"start":{"line":26,"column":33},"end":{"line":41,"column":25}},"52":{"start":{"line":27,"column":2},"end":{"line":27,"column":50}},"53":{"start":{"line":28,"column":15},"end":{"line":28,"column":42}},"54":{"start":{"line":30,"column":4},"end":{"line":30,"column":41}},"55":{"start":{"line":31,"column":4},"end":{"line":31,"column":41}},"56":{"start":{"line":33,"column":2},"end":{"line":39,"column":6}},"57":{"start":{"line":36,"column":6},"end":{"line":36,"column":132}},"58":{"start":{"line":37,"column":6},"end":{"line":37,"column":50}},"59":{"start":{"line":40,"column":2},"end":{"line":40,"column":23}},"60":{"start":{"line":42,"column":32},"end":{"line":57,"column":25}},"61":{"start":{"line":43,"column":2},"end":{"line":43,"column":50}},"62":{"start":{"line":44,"column":16},"end":{"line":44,"column":42}},"63":{"start":{"line":46,"column":4},"end":{"line":46,"column":40}},"64":{"start":{"line":47,"column":4},"end":{"line":47,"column":42}},"65":{"start":{"line":49,"column":2},"end":{"line":55,"column":6}},"66":{"start":{"line":52,"column":6},"end":{"line":52,"column":131}},"67":{"start":{"line":53,"column":6},"end":{"line":53,"column":50}},"68":{"start":{"line":56,"column":2},"end":{"line":56,"column":22}},"69":{"start":{"line":58,"column":35},"end":{"line":75,"column":3}},"70":{"start":{"line":60,"column":4},"end":{"line":60,"column":43}},"71":{"start":{"line":61,"column":4},"end":{"line":61,"column":47}},"72":{"start":{"line":62,"column":4},"end":{"line":62,"column":21}},"73":{"start":{"line":64,"column":2},"end":{"line":73,"column":6}},"74":{"start":{"line":67,"column":6},"end":{"line":71,"column":9}},"75":{"start":{"line":68,"column":8},"end":{"line":68,"column":30}},"76":{"start":{"line":70,"column":8},"end":{"line":70,"column":30}},"77":{"start":{"line":74,"column":2},"end":{"line":74,"column":25}},"78":{"start":{"line":76,"column":0},"end":{"line":76,"column":34}}},"fnMap":{"0":{"name":"_classCallCheck","decl":{"start":{"line":3,"column":9},"end":{"line":3,"column":24}},"loc":{"start":{"line":3,"column":31},"end":{"line":3,"column":115}},"line":3},"1":{"name":"_defineProperties","decl":{"start":{"line":4,"column":9},"end":{"line":4,"column":26}},"loc":{"start":{"line":4,"column":33},"end":{"line":4,"column":232}},"line":4},"2":{"name":"_createClass","decl":{"start":{"line":5,"column":9},"end":{"line":5,"column":21}},"loc":{"start":{"line":5,"column":31},"end":{"line":5,"column":171}},"line":5},"3":{"name":"_toPropertyKey","decl":{"start":{"line":6,"column":9},"end":{"line":6,"column":23}},"loc":{"start":{"line":6,"column":27},"end":{"line":6,"column":107}},"line":6},"4":{"name":"_toPrimitive","decl":{"start":{"line":7,"column":9},"end":{"line":7,"column":21}},"loc":{"start":{"line":7,"column":28},"end":{"line":7,"column":312}},"line":7},"5":{"name":"_inherits","decl":{"start":{"line":8,"column":9},"end":{"line":8,"column":18}},"loc":{"start":{"line":8,"column":25},"end":{"line":8,"column":340}},"line":8},"6":{"name":"_setPrototypeOf","decl":{"start":{"line":9,"column":9},"end":{"line":9,"column":24}},"loc":{"start":{"line":9,"column":31},"end":{"line":9,"column":185}},"line":9},"7":{"name":"(anonymous_7)","decl":{"start":{"line":9,"column":113},"end":{"line":9,"column":114}},"loc":{"start":{"line":9,"column":129},"end":{"line":9,"column":159}},"line":9},"8":{"name":"_createSuper","decl":{"start":{"line":10,"column":9},"end":{"line":10,"column":21}},"loc":{"start":{"line":10,"column":25},"end":{"line":10,"column":293}},"line":10},"9":{"name":"(anonymous_9)","decl":{"start":{"line":10,"column":71},"end":{"line":10,"column":72}},"loc":{"start":{"line":10,"column":83},"end":{"line":10,"column":290}},"line":10},"10":{"name":"_possibleConstructorReturn","decl":{"start":{"line":11,"column":9},"end":{"line":11,"column":35}},"loc":{"start":{"line":11,"column":42},"end":{"line":11,"column":247}},"line":11},"11":{"name":"_assertThisInitialized","decl":{"start":{"line":12,"column":9},"end":{"line":12,"column":31}},"loc":{"start":{"line":12,"column":35},"end":{"line":12,"column":153}},"line":12},"12":{"name":"_isNativeReflectConstruct","decl":{"start":{"line":13,"column":9},"end":{"line":13,"column":34}},"loc":{"start":{"line":13,"column":37},"end":{"line":13,"column":218}},"line":13},"13":{"name":"(anonymous_13)","decl":{"start":{"line":13,"column":116},"end":{"line":13,"column":117}},"loc":{"start":{"line":13,"column":128},"end":{"line":13,"column":130}},"line":13},"14":{"name":"(anonymous_14)","decl":{"start":{"line":13,"column":185},"end":{"line":13,"column":186}},"loc":{"start":{"line":13,"column":197},"end":{"line":13,"column":212}},"line":13},"15":{"name":"_getPrototypeOf","decl":{"start":{"line":14,"column":9},"end":{"line":14,"column":24}},"loc":{"start":{"line":14,"column":28},"end":{"line":14,"column":197}},"line":14},"16":{"name":"(anonymous_16)","decl":{"start":{"line":14,"column":110},"end":{"line":14,"column":111}},"loc":{"start":{"line":14,"column":123},"end":{"line":14,"column":174}},"line":14},"17":{"name":"(anonymous_17)","decl":{"start":{"line":15,"column":54},"end":{"line":15,"column":55}},"loc":{"start":{"line":15,"column":69},"end":{"line":19,"column":1}},"line":15},"18":{"name":"(anonymous_18)","decl":{"start":{"line":26,"column":33},"end":{"line":26,"column":34}},"loc":{"start":{"line":26,"column":66},"end":{"line":41,"column":1}},"line":26},"19":{"name":"BeforeStartup","decl":{"start":{"line":29,"column":11},"end":{"line":29,"column":24}},"loc":{"start":{"line":29,"column":27},"end":{"line":32,"column":3}},"line":29},"20":{"name":"run","decl":{"start":{"line":35,"column":20},"end":{"line":35,"column":23}},"loc":{"start":{"line":35,"column":33},"end":{"line":38,"column":5}},"line":35},"21":{"name":"(anonymous_21)","decl":{"start":{"line":42,"column":32},"end":{"line":42,"column":33}},"loc":{"start":{"line":42,"column":66},"end":{"line":57,"column":1}},"line":42},"22":{"name":"AfterStartup","decl":{"start":{"line":45,"column":11},"end":{"line":45,"column":23}},"loc":{"start":{"line":45,"column":26},"end":{"line":48,"column":3}},"line":45},"23":{"name":"run","decl":{"start":{"line":51,"column":20},"end":{"line":51,"column":23}},"loc":{"start":{"line":51,"column":33},"end":{"line":54,"column":5}},"line":51},"24":{"name":"(anonymous_24)","decl":{"start":{"line":58,"column":35},"end":{"line":58,"column":36}},"loc":{"start":{"line":58,"column":47},"end":{"line":75,"column":1}},"line":58},"25":{"name":"StartupWorkflow","decl":{"start":{"line":59,"column":11},"end":{"line":59,"column":26}},"loc":{"start":{"line":59,"column":29},"end":{"line":63,"column":3}},"line":59},"26":{"name":"build","decl":{"start":{"line":66,"column":20},"end":{"line":66,"column":25}},"loc":{"start":{"line":66,"column":35},"end":{"line":72,"column":5}},"line":66},"27":{"name":"(anonymous_27)","decl":{"start":{"line":67,"column":45},"end":{"line":67,"column":46}},"loc":{"start":{"line":67,"column":67},"end":{"line":69,"column":7}},"line":67},"28":{"name":"(anonymous_28)","decl":{"start":{"line":69,"column":34},"end":{"line":69,"column":35}},"loc":{"start":{"line":69,"column":56},"end":{"line":71,"column":7}},"line":69}},"branchMap":{"0":{"loc":{"start":{"line":3,"column":33},"end":{"line":3,"column":113}},"type":"if","locations":[{"start":{"line":3,"column":33},"end":{"line":3,"column":113}},{"start":{},"end":{}}],"line":3},"1":{"loc":{"start":{"line":4,"column":101},"end":{"line":4,"column":119}},"type":"binary-expr","locations":[{"start":{"line":4,"column":101},"end":{"line":4,"column":113}},{"start":{"line":4,"column":117},"end":{"line":4,"column":119}}],"line":4},"2":{"loc":{"start":{"line":4,"column":142},"end":{"line":4,"column":175}},"type":"binary-expr","locations":[{"start":{"line":4,"column":142},"end":{"line":4,"column":154}},{"start":{"line":4,"column":159},"end":{"line":4,"column":174}}],"line":4},"3":{"loc":{"start":{"line":5,"column":40},"end":{"line":5,"column":78}},"type":"binary-expr","locations":[{"start":{"line":5,"column":40},"end":{"line":5,"column":41}},{"start":{"line":5,"column":45},"end":{"line":5,"column":78}}],"line":5},"4":{"loc":{"start":{"line":5,"column":80},"end":{"line":5,"column":108}},"type":"binary-expr","locations":[{"start":{"line":5,"column":80},"end":{"line":5,"column":81}},{"start":{"line":5,"column":85},"end":{"line":5,"column":108}}],"line":5},"5":{"loc":{"start":{"line":6,"column":71},"end":{"line":6,"column":104}},"type":"cond-expr","locations":[{"start":{"line":6,"column":94},"end":{"line":6,"column":95}},{"start":{"line":6,"column":98},"end":{"line":6,"column":104}}],"line":6},"6":{"loc":{"start":{"line":7,"column":30},"end":{"line":7,"column":71}},"type":"if","locations":[{"start":{"line":7,"column":30},"end":{"line":7,"column":71}},{"start":{},"end":{}}],"line":7},"7":{"loc":{"start":{"line":7,"column":34},"end":{"line":7,"column":60}},"type":"binary-expr","locations":[{"start":{"line":7,"column":34},"end":{"line":7,"column":54}},{"start":{"line":7,"column":58},"end":{"line":7,"column":60}}],"line":7},"8":{"loc":{"start":{"line":7,"column":103},"end":{"line":7,"column":264}},"type":"if","locations":[{"start":{"line":7,"column":103},"end":{"line":7,"column":264}},{"start":{},"end":{}}],"line":7},"9":{"loc":{"start":{"line":7,"column":141},"end":{"line":7,"column":155}},"type":"binary-expr","locations":[{"start":{"line":7,"column":141},"end":{"line":7,"column":142}},{"start":{"line":7,"column":146},"end":{"line":7,"column":155}}],"line":7},"10":{"loc":{"start":{"line":7,"column":158},"end":{"line":7,"column":193}},"type":"if","locations":[{"start":{"line":7,"column":158},"end":{"line":7,"column":193}},{"start":{},"end":{}}],"line":7},"11":{"loc":{"start":{"line":7,"column":273},"end":{"line":7,"column":305}},"type":"cond-expr","locations":[{"start":{"line":7,"column":290},"end":{"line":7,"column":296}},{"start":{"line":7,"column":299},"end":{"line":7,"column":305}}],"line":7},"12":{"loc":{"start":{"line":8,"column":27},"end":{"line":8,"column":143}},"type":"if","locations":[{"start":{"line":8,"column":27},"end":{"line":8,"column":143}},{"start":{},"end":{}}],"line":8},"13":{"loc":{"start":{"line":8,"column":31},"end":{"line":8,"column":67}},"type":"binary-expr","locations":[{"start":{"line":8,"column":31},"end":{"line":8,"column":53}},{"start":{"line":8,"column":57},"end":{"line":8,"column":67}}],"line":8},"14":{"loc":{"start":{"line":8,"column":172},"end":{"line":8,"column":188}},"type":"binary-expr","locations":[{"start":{"line":8,"column":172},"end":{"line":8,"column":173}},{"start":{"line":8,"column":177},"end":{"line":8,"column":188}}],"line":8},"15":{"loc":{"start":{"line":8,"column":311},"end":{"line":8,"column":337}},"type":"binary-expr","locations":[{"start":{"line":8,"column":311},"end":{"line":8,"column":312}},{"start":{"line":8,"column":316},"end":{"line":8,"column":337}}],"line":8},"16":{"loc":{"start":{"line":9,"column":58},"end":{"line":9,"column":159}},"type":"cond-expr","locations":[{"start":{"line":9,"column":82},"end":{"line":9,"column":110}},{"start":{"line":9,"column":113},"end":{"line":9,"column":159}}],"line":9},"17":{"loc":{"start":{"line":10,"column":116},"end":{"line":10,"column":244}},"type":"if","locations":[{"start":{"line":10,"column":116},"end":{"line":10,"column":244}},{"start":{"line":10,"column":215},"end":{"line":10,"column":244}}],"line":10},"18":{"loc":{"start":{"line":11,"column":44},"end":{"line":11,"column":112}},"type":"if","locations":[{"start":{"line":11,"column":44},"end":{"line":11,"column":112}},{"start":{},"end":{}}],"line":11},"19":{"loc":{"start":{"line":11,"column":48},"end":{"line":11,"column":101}},"type":"binary-expr","locations":[{"start":{"line":11,"column":48},"end":{"line":11,"column":49}},{"start":{"line":11,"column":54},"end":{"line":11,"column":74}},{"start":{"line":11,"column":78},"end":{"line":11,"column":100}}],"line":11},"20":{"loc":{"start":{"line":11,"column":113},"end":{"line":11,"column":211}},"type":"if","locations":[{"start":{"line":11,"column":113},"end":{"line":11,"column":211}},{"start":{},"end":{}}],"line":11},"21":{"loc":{"start":{"line":12,"column":37},"end":{"line":12,"column":141}},"type":"if","locations":[{"start":{"line":12,"column":37},"end":{"line":12,"column":141}},{"start":{},"end":{}}],"line":12},"22":{"loc":{"start":{"line":14,"column":55},"end":{"line":14,"column":174}},"type":"cond-expr","locations":[{"start":{"line":14,"column":79},"end":{"line":14,"column":107}},{"start":{"line":14,"column":110},"end":{"line":14,"column":174}}],"line":14},"23":{"loc":{"start":{"line":14,"column":132},"end":{"line":14,"column":171}},"type":"binary-expr","locations":[{"start":{"line":14,"column":132},"end":{"line":14,"column":143}},{"start":{"line":14,"column":147},"end":{"line":14,"column":171}}],"line":14},"24":{"loc":{"start":{"line":15,"column":22},"end":{"line":19,"column":1}},"type":"binary-expr","locations":[{"start":{"line":15,"column":22},"end":{"line":15,"column":26}},{"start":{"line":15,"column":30},"end":{"line":15,"column":50}},{"start":{"line":15,"column":54},"end":{"line":19,"column":1}}],"line":15},"25":{"loc":{"start":{"line":16,"column":9},"end":{"line":18,"column":3}},"type":"cond-expr","locations":[{"start":{"line":16,"column":33},"end":{"line":16,"column":36}},{"start":{"line":16,"column":39},"end":{"line":18,"column":3}}],"line":16},"26":{"loc":{"start":{"line":16,"column":9},"end":{"line":16,"column":30}},"type":"binary-expr","locations":[{"start":{"line":16,"column":9},"end":{"line":16,"column":12}},{"start":{"line":16,"column":16},"end":{"line":16,"column":30}}],"line":16}},"s":{"0":0,"1":0,"2":3,"3":3,"4":3,"5":3,"6":3,"7":3,"8":3,"9":3,"10":3,"11":0,"12":0,"13":0,"14":0,"15":0,"16":0,"17":0,"18":2,"19":0,"20":2,"21":1,"22":0,"23":2,"24":2,"25":0,"26":0,"27":0,"28":0,"29":0,"30":0,"31":0,"32":0,"33":0,"34":0,"35":0,"36":0,"37":0,"38":0,"39":1,"40":1,"41":1,"42":2,"43":0,"44":0,"45":1,"46":2,"47":1,"48":1,"49":1,"50":1,"51":1,"52":1,"53":1,"54":0,"55":0,"56":1,"57":0,"58":0,"59":1,"60":1,"61":1,"62":1,"63":0,"64":0,"65":1,"66":0,"67":0,"68":1,"69":1,"70":0,"71":0,"72":0,"73":1,"74":0,"75":0,"76":0,"77":1,"78":1},"f":{"0":0,"1":3,"2":3,"3":3,"4":3,"5":2,"6":1,"7":0,"8":2,"9":0,"10":0,"11":0,"12":1,"13":0,"14":2,"15":0,"16":0,"17":2,"18":1,"19":0,"20":0,"21":1,"22":0,"23":0,"24":1,"25":0,"26":0,"27":0,"28":0},"b":{"0":[0,0],"1":[3,3],"2":[3,3],"3":[3,3],"4":[3,0],"5":[0,3],"6":[3,0],"7":[3,0],"8":[0,0],"9":[0,0],"10":[0,0],"11":[0,0],"12":[0,2],"13":[2,0],"14":[2,2],"15":[2,2],"16":[1,0],"17":[0,0],"18":[0,0],"19":[0,0,0],"20":[0,0],"21":[0,0],"22":[0,0],"23":[0,0],"24":[1,1,1],"25":[0,2],"26":[2,2]},"inputSourceMap":null,"_coverageSchema":"1a1c01bbd47fc00a2c39e90264f33305004495a9","hash":"776dbbfdb8a69860dc2909a3b5e4d7b6a34dfd24"}
}
