{"/Users/wweber/Source/reactory/reactory-express-server/src/modules/reactory-core/services/generators/service/ServiceGenerator.ts": {"path":"/Users/wweber/Source/reactory/reactory-express-server/src/modules/reactory-core/services/generators/service/ServiceGenerator.ts","statementMap":{"0":{"start":{"line":2,"column":0},"end":{"line":2,"column":null}},"1":{"start":{"line":4,"column":0},"end":{"line":4,"column":null}},"2":{"start":{"line":5,"column":0},"end":{"line":5,"column":null}},"3":{"start":{"line":6,"column":0},"end":{"line":6,"column":null}},"4":{"start":{"line":19,"column":0},"end":{"line":19,"column":null}},"5":{"start":{"line":27,"column":22},"end":{"line":27,"column":55}},"6":{"start":{"line":32,"column":24},"end":{"line":32,"column":77}},"7":{"start":{"line":37,"column":28},"end":{"line":37,"column":72}},"8":{"start":{"line":60,"column":22},"end":{"line":1035,"column":null}},"9":{"start":{"line":69,"column":76},"end":{"line":69,"column":null}},"10":{"start":{"line":61,"column":2},"end":{"line":61,"column":null}},"11":{"start":{"line":62,"column":2},"end":{"line":62,"column":null}},"12":{"start":{"line":63,"column":2},"end":{"line":63,"column":null}},"13":{"start":{"line":70,"column":4},"end":{"line":70,"column":null}},"14":{"start":{"line":71,"column":4},"end":{"line":71,"column":null}},"15":{"start":{"line":72,"column":4},"end":{"line":72,"column":null}},"16":{"start":{"line":75,"column":2},"end":{"line":1035,"column":null}},"17":{"start":{"line":84,"column":25},"end":{"line":84,"column":63}},"18":{"start":{"line":87,"column":21},"end":{"line":93,"column":8}},"19":{"start":{"line":95,"column":6},"end":{"line":95,"column":null}},"20":{"start":{"line":97,"column":6},"end":{"line":103,"column":null}},"21":{"start":{"line":114,"column":31},"end":{"line":114,"column":33}},"22":{"start":{"line":115,"column":28},"end":{"line":115,"column":30}},"23":{"start":{"line":120,"column":8},"end":{"line":120,"column":null}},"24":{"start":{"line":125,"column":29},"end":{"line":125,"column":77}},"25":{"start":{"line":126,"column":8},"end":{"line":126,"column":null}},"26":{"start":{"line":127,"column":8},"end":{"line":127,"column":null}},"27":{"start":{"line":130,"column":10},"end":{"line":136,"column":null}},"28":{"start":{"line":141,"column":25},"end":{"line":141,"column":50}},"29":{"start":{"line":143,"column":30},"end":{"line":143,"column":94}},"30":{"start":{"line":143,"column":53},"end":{"line":143,"column":83}},"31":{"start":{"line":144,"column":8},"end":{"line":150,"column":null}},"32":{"start":{"line":147,"column":45},"end":{"line":147,"column":75}},"33":{"start":{"line":154,"column":6},"end":{"line":154,"column":null}},"34":{"start":{"line":154,"column":48},"end":{"line":154,"column":78}},"35":{"start":{"line":157,"column":27},"end":{"line":157,"column":72}},"36":{"start":{"line":160,"column":24},"end":{"line":160,"column":58}},"37":{"start":{"line":163,"column":27},"end":{"line":163,"column":98}},"38":{"start":{"line":167,"column":8},"end":{"line":167,"column":null}},"39":{"start":{"line":171,"column":6},"end":{"line":171,"column":null}},"40":{"start":{"line":174,"column":26},"end":{"line":174,"column":91}},"41":{"start":{"line":177,"column":29},"end":{"line":177,"column":52}},"42":{"start":{"line":178,"column":25},"end":{"line":178,"column":61}},"43":{"start":{"line":181,"column":8},"end":{"line":181,"column":null}},"44":{"start":{"line":185,"column":10},"end":{"line":185,"column":null}},"45":{"start":{"line":188,"column":8},"end":{"line":188,"column":null}},"46":{"start":{"line":189,"column":8},"end":{"line":189,"column":null}},"47":{"start":{"line":190,"column":8},"end":{"line":190,"column":null}},"48":{"start":{"line":195,"column":27},"end":{"line":195,"column":88}},"49":{"start":{"line":196,"column":8},"end":{"line":196,"column":null}},"50":{"start":{"line":197,"column":8},"end":{"line":197,"column":null}},"51":{"start":{"line":202,"column":29},"end":{"line":202,"column":91}},"52":{"start":{"line":203,"column":8},"end":{"line":203,"column":null}},"53":{"start":{"line":204,"column":8},"end":{"line":204,"column":null}},"54":{"start":{"line":207,"column":6},"end":{"line":212,"column":null}},"55":{"start":{"line":214,"column":6},"end":{"line":214,"column":null}},"56":{"start":{"line":215,"column":6},"end":{"line":221,"column":null}},"57":{"start":{"line":231,"column":42},"end":{"line":231,"column":null}},"58":{"start":{"line":233,"column":31},"end":{"line":233,"column":33}},"59":{"start":{"line":234,"column":28},"end":{"line":234,"column":30}},"60":{"start":{"line":237,"column":6},"end":{"line":237,"column":null}},"61":{"start":{"line":240,"column":28},"end":{"line":240,"column":80}},"62":{"start":{"line":242,"column":8},"end":{"line":242,"column":null}},"63":{"start":{"line":246,"column":20},"end":{"line":246,"column":95}},"64":{"start":{"line":252,"column":8},"end":{"line":252,"column":null}},"65":{"start":{"line":253,"column":8},"end":{"line":253,"column":null}},"66":{"start":{"line":256,"column":23},"end":{"line":256,"column":36}},"67":{"start":{"line":258,"column":28},"end":{"line":258,"column":75}},"68":{"start":{"line":259,"column":10},"end":{"line":259,"column":null}},"69":{"start":{"line":261,"column":10},"end":{"line":261,"column":null}},"70":{"start":{"line":264,"column":8},"end":{"line":264,"column":null}},"71":{"start":{"line":265,"column":8},"end":{"line":265,"column":null}},"72":{"start":{"line":268,"column":6},"end":{"line":268,"column":null}},"73":{"start":{"line":269,"column":6},"end":{"line":269,"column":null}},"74":{"start":{"line":272,"column":44},"end":{"line":273,"column":null}},"75":{"start":{"line":272,"column":77},"end":{"line":273,"column":null}},"76":{"start":{"line":278,"column":8},"end":{"line":278,"column":null}},"77":{"start":{"line":279,"column":8},"end":{"line":279,"column":null}},"78":{"start":{"line":283,"column":52},"end":{"line":293,"column":null}},"79":{"start":{"line":296,"column":6},"end":{"line":296,"column":null}},"80":{"start":{"line":298,"column":6},"end":{"line":298,"column":null}},"81":{"start":{"line":299,"column":6},"end":{"line":305,"column":null}},"82":{"start":{"line":315,"column":20},"end":{"line":315,"column":100}},"83":{"start":{"line":318,"column":23},"end":{"line":325,"column":9}},"84":{"start":{"line":319,"column":15},"end":{"line":319,"column":35}},"85":{"start":{"line":320,"column":12},"end":{"line":325,"column":8}},"86":{"start":{"line":327,"column":24},"end":{"line":336,"column":9}},"87":{"start":{"line":328,"column":15},"end":{"line":328,"column":36}},"88":{"start":{"line":329,"column":12},"end":{"line":336,"column":8}},"89":{"start":{"line":338,"column":25},"end":{"line":345,"column":9}},"90":{"start":{"line":339,"column":15},"end":{"line":339,"column":37}},"91":{"start":{"line":340,"column":12},"end":{"line":345,"column":8}},"92":{"start":{"line":348,"column":17},"end":{"line":353,"column":17}},"93":{"start":{"line":356,"column":21},"end":{"line":356,"column":115}},"94":{"start":{"line":358,"column":39},"end":{"line":363,"column":null}},"95":{"start":{"line":365,"column":4},"end":{"line":365,"column":null}},"96":{"start":{"line":365,"column":31},"end":{"line":365,"column":null}},"97":{"start":{"line":366,"column":4},"end":{"line":366,"column":null}},"98":{"start":{"line":366,"column":32},"end":{"line":366,"column":null}},"99":{"start":{"line":367,"column":4},"end":{"line":367,"column":null}},"100":{"start":{"line":367,"column":33},"end":{"line":367,"column":null}},"101":{"start":{"line":368,"column":4},"end":{"line":368,"column":null}},"102":{"start":{"line":368,"column":14},"end":{"line":368,"column":null}},"103":{"start":{"line":370,"column":6},"end":{"line":373,"column":null}},"104":{"start":{"line":375,"column":4},"end":{"line":375,"column":null}},"105":{"start":{"line":375,"column":33},"end":{"line":375,"column":null}},"106":{"start":{"line":376,"column":4},"end":{"line":376,"column":null}},"107":{"start":{"line":376,"column":29},"end":{"line":376,"column":null}},"108":{"start":{"line":377,"column":4},"end":{"line":377,"column":null}},"109":{"start":{"line":377,"column":51},"end":{"line":377,"column":null}},"110":{"start":{"line":379,"column":4},"end":{"line":379,"column":null}},"111":{"start":{"line":386,"column":58},"end":{"line":386,"column":null}},"112":{"start":{"line":387,"column":22},"end":{"line":395,"column":8}},"113":{"start":{"line":392,"column":10},"end":{"line":392,"column":null}},"114":{"start":{"line":394,"column":8},"end":{"line":394,"column":null}},"115":{"start":{"line":397,"column":23},"end":{"line":397,"column":43}},"116":{"start":{"line":398,"column":25},"end":{"line":398,"column":43}},"117":{"start":{"line":400,"column":4},"end":{"line":400,"column":null}},"118":{"start":{"line":408,"column":4},"end":{"line":408,"column":null}},"119":{"start":{"line":420,"column":21},"end":{"line":420,"column":42}},"120":{"start":{"line":421,"column":28},"end":{"line":421,"column":30}},"121":{"start":{"line":425,"column":27},"end":{"line":425,"column":72}},"122":{"start":{"line":428,"column":24},"end":{"line":428,"column":58}},"123":{"start":{"line":431,"column":27},"end":{"line":431,"column":98}},"124":{"start":{"line":435,"column":8},"end":{"line":435,"column":null}},"125":{"start":{"line":439,"column":6},"end":{"line":439,"column":null}},"126":{"start":{"line":442,"column":26},"end":{"line":442,"column":91}},"127":{"start":{"line":445,"column":29},"end":{"line":445,"column":52}},"128":{"start":{"line":446,"column":25},"end":{"line":446,"column":61}},"129":{"start":{"line":449,"column":8},"end":{"line":449,"column":null}},"130":{"start":{"line":452,"column":10},"end":{"line":452,"column":null}},"131":{"start":{"line":455,"column":8},"end":{"line":455,"column":null}},"132":{"start":{"line":456,"column":8},"end":{"line":456,"column":null}},"133":{"start":{"line":457,"column":8},"end":{"line":457,"column":null}},"134":{"start":{"line":462,"column":27},"end":{"line":462,"column":88}},"135":{"start":{"line":463,"column":8},"end":{"line":463,"column":null}},"136":{"start":{"line":464,"column":8},"end":{"line":464,"column":null}},"137":{"start":{"line":469,"column":29},"end":{"line":469,"column":91}},"138":{"start":{"line":470,"column":8},"end":{"line":470,"column":null}},"139":{"start":{"line":471,"column":8},"end":{"line":471,"column":null}},"140":{"start":{"line":474,"column":6},"end":{"line":479,"column":null}},"141":{"start":{"line":481,"column":6},"end":{"line":487,"column":null}},"142":{"start":{"line":498,"column":47},"end":{"line":498,"column":49}},"143":{"start":{"line":501,"column":6},"end":{"line":501,"column":null}},"144":{"start":{"line":504,"column":26},"end":{"line":518,"column":5}},"145":{"start":{"line":505,"column":30},"end":{"line":505,"column":32}},"146":{"start":{"line":506,"column":22},"end":{"line":506,"column":66}},"147":{"start":{"line":509,"column":25},"end":{"line":509,"column":51}},"148":{"start":{"line":511,"column":10},"end":{"line":511,"column":null}},"149":{"start":{"line":513,"column":10},"end":{"line":513,"column":null}},"150":{"start":{"line":517,"column":6},"end":{"line":517,"column":null}},"151":{"start":{"line":520,"column":22},"end":{"line":520,"column":50}},"152":{"start":{"line":521,"column":4},"end":{"line":521,"column":null}},"153":{"start":{"line":524,"column":21},"end":{"line":524,"column":67}},"154":{"start":{"line":525,"column":6},"end":{"line":525,"column":null}},"155":{"start":{"line":528,"column":4},"end":{"line":528,"column":null}},"156":{"start":{"line":535,"column":38},"end":{"line":535,"column":40}},"157":{"start":{"line":536,"column":42},"end":{"line":536,"column":44}},"158":{"start":{"line":541,"column":8},"end":{"line":545,"column":null}},"159":{"start":{"line":551,"column":6},"end":{"line":555,"column":null}},"160":{"start":{"line":560,"column":25},"end":{"line":560,"column":91}},"161":{"start":{"line":562,"column":8},"end":{"line":566,"column":null}},"162":{"start":{"line":572,"column":6},"end":{"line":576,"column":null}},"163":{"start":{"line":581,"column":6},"end":{"line":581,"column":null}},"164":{"start":{"line":583,"column":6},"end":{"line":587,"column":null}},"165":{"start":{"line":592,"column":19},"end":{"line":592,"column":20}},"166":{"start":{"line":593,"column":20},"end":{"line":593,"column":46}},"167":{"start":{"line":595,"column":10},"end":{"line":599,"column":null}},"168":{"start":{"line":602,"column":10},"end":{"line":606,"column":null}},"169":{"start":{"line":611,"column":4},"end":{"line":615,"column":null}},"170":{"start":{"line":626,"column":34},"end":{"line":626,"column":44}},"171":{"start":{"line":631,"column":8},"end":{"line":635,"column":null}},"172":{"start":{"line":638,"column":8},"end":{"line":642,"column":null}},"173":{"start":{"line":644,"column":8},"end":{"line":666,"column":null}},"174":{"start":{"line":646,"column":12},"end":{"line":650,"column":null}},"175":{"start":{"line":653,"column":12},"end":{"line":657,"column":null}},"176":{"start":{"line":660,"column":12},"end":{"line":664,"column":null}},"177":{"start":{"line":673,"column":8},"end":{"line":677,"column":null}},"178":{"start":{"line":680,"column":8},"end":{"line":684,"column":null}},"179":{"start":{"line":691,"column":8},"end":{"line":695,"column":null}},"180":{"start":{"line":702,"column":8},"end":{"line":706,"column":null}},"181":{"start":{"line":716,"column":6},"end":{"line":716,"column":null}},"182":{"start":{"line":719,"column":20},"end":{"line":719,"column":55}},"183":{"start":{"line":720,"column":23},"end":{"line":720,"column":62}},"184":{"start":{"line":723,"column":6},"end":{"line":723,"column":null}},"185":{"start":{"line":726,"column":4},"end":{"line":726,"column":null}},"186":{"start":{"line":737,"column":22},"end":{"line":737,"column":61}},"187":{"start":{"line":740,"column":31},"end":{"line":740,"column":48}},"188":{"start":{"line":743,"column":9},"end":{"line":743,"column":null}},"189":{"start":{"line":747,"column":4},"end":{"line":754,"column":null}},"190":{"start":{"line":762,"column":4},"end":{"line":767,"column":null}},"191":{"start":{"line":766,"column":15},"end":{"line":766,"column":78}},"192":{"start":{"line":774,"column":48},"end":{"line":780,"column":null}},"193":{"start":{"line":782,"column":4},"end":{"line":782,"column":null}},"194":{"start":{"line":793,"column":28},"end":{"line":793,"column":30}},"195":{"start":{"line":794,"column":31},"end":{"line":794,"column":33}},"196":{"start":{"line":797,"column":31},"end":{"line":797,"column":78}},"197":{"start":{"line":800,"column":8},"end":{"line":800,"column":null}},"198":{"start":{"line":801,"column":8},"end":{"line":801,"column":null}},"199":{"start":{"line":804,"column":23},"end":{"line":804,"column":92}},"200":{"start":{"line":805,"column":22},"end":{"line":805,"column":55}},"201":{"start":{"line":808,"column":8},"end":{"line":808,"column":null}},"202":{"start":{"line":811,"column":27},"end":{"line":811,"column":75}},"203":{"start":{"line":812,"column":6},"end":{"line":812,"column":null}},"204":{"start":{"line":813,"column":6},"end":{"line":813,"column":null}},"205":{"start":{"line":815,"column":6},"end":{"line":815,"column":null}},"206":{"start":{"line":817,"column":6},"end":{"line":817,"column":null}},"207":{"start":{"line":820,"column":4},"end":{"line":820,"column":null}},"208":{"start":{"line":831,"column":28},"end":{"line":831,"column":30}},"209":{"start":{"line":832,"column":31},"end":{"line":832,"column":33}},"210":{"start":{"line":835,"column":33},"end":{"line":835,"column":74}},"211":{"start":{"line":838,"column":8},"end":{"line":838,"column":null}},"212":{"start":{"line":839,"column":8},"end":{"line":839,"column":null}},"213":{"start":{"line":842,"column":28},"end":{"line":842,"column":99}},"214":{"start":{"line":843,"column":29},"end":{"line":843,"column":62}},"215":{"start":{"line":845,"column":6},"end":{"line":845,"column":null}},"216":{"start":{"line":846,"column":6},"end":{"line":846,"column":null}},"217":{"start":{"line":848,"column":6},"end":{"line":848,"column":null}},"218":{"start":{"line":850,"column":6},"end":{"line":850,"column":null}},"219":{"start":{"line":853,"column":4},"end":{"line":853,"column":null}},"220":{"start":{"line":857,"column":4},"end":{"line":857,"column":null}},"221":{"start":{"line":861,"column":4},"end":{"line":861,"column":null}},"222":{"start":{"line":862,"column":4},"end":{"line":862,"column":null}},"223":{"start":{"line":872,"column":37},"end":{"line":872,"column":null}},"224":{"start":{"line":874,"column":31},"end":{"line":874,"column":33}},"225":{"start":{"line":875,"column":28},"end":{"line":875,"column":30}},"226":{"start":{"line":879,"column":8},"end":{"line":879,"column":null}},"227":{"start":{"line":882,"column":23},"end":{"line":882,"column":43}},"228":{"start":{"line":883,"column":24},"end":{"line":883,"column":42}},"229":{"start":{"line":888,"column":26},"end":{"line":888,"column":73}},"230":{"start":{"line":889,"column":8},"end":{"line":889,"column":null}},"231":{"start":{"line":891,"column":8},"end":{"line":891,"column":null}},"232":{"start":{"line":895,"column":8},"end":{"line":900,"column":null}},"233":{"start":{"line":904,"column":24},"end":{"line":904,"column":58}},"234":{"start":{"line":905,"column":27},"end":{"line":905,"column":60}},"235":{"start":{"line":909,"column":8},"end":{"line":909,"column":null}},"236":{"start":{"line":912,"column":6},"end":{"line":912,"column":null}},"237":{"start":{"line":913,"column":6},"end":{"line":913,"column":null}},"238":{"start":{"line":916,"column":23},"end":{"line":916,"column":47}},"239":{"start":{"line":917,"column":28},"end":{"line":917,"column":43}},"240":{"start":{"line":918,"column":24},"end":{"line":918,"column":39}},"241":{"start":{"line":922,"column":8},"end":{"line":922,"column":null}},"242":{"start":{"line":924,"column":8},"end":{"line":924,"column":null}},"243":{"start":{"line":925,"column":8},"end":{"line":925,"column":null}},"244":{"start":{"line":926,"column":8},"end":{"line":931,"column":null}},"245":{"start":{"line":935,"column":23},"end":{"line":935,"column":54}},"246":{"start":{"line":936,"column":24},"end":{"line":936,"column":56}},"247":{"start":{"line":939,"column":24},"end":{"line":939,"column":124}},"248":{"start":{"line":941,"column":6},"end":{"line":941,"column":null}},"249":{"start":{"line":942,"column":53},"end":{"line":942,"column":79}},"250":{"start":{"line":945,"column":8},"end":{"line":945,"column":null}},"251":{"start":{"line":949,"column":8},"end":{"line":949,"column":null}},"252":{"start":{"line":953,"column":26},"end":{"line":953,"column":164}},"253":{"start":{"line":955,"column":6},"end":{"line":955,"column":null}},"254":{"start":{"line":957,"column":59},"end":{"line":957,"column":87}},"255":{"start":{"line":960,"column":10},"end":{"line":960,"column":null}},"256":{"start":{"line":964,"column":10},"end":{"line":964,"column":null}},"257":{"start":{"line":968,"column":8},"end":{"line":968,"column":null}},"258":{"start":{"line":969,"column":8},"end":{"line":969,"column":null}},"259":{"start":{"line":974,"column":26},"end":{"line":974,"column":144}},"260":{"start":{"line":975,"column":8},"end":{"line":975,"column":null}},"261":{"start":{"line":976,"column":55},"end":{"line":976,"column":81}},"262":{"start":{"line":979,"column":10},"end":{"line":979,"column":null}},"263":{"start":{"line":983,"column":10},"end":{"line":983,"column":null}},"264":{"start":{"line":986,"column":8},"end":{"line":986,"column":null}},"265":{"start":{"line":987,"column":8},"end":{"line":987,"column":null}},"266":{"start":{"line":991,"column":29},"end":{"line":991,"column":57}},"267":{"start":{"line":992,"column":6},"end":{"line":996,"column":null}},"268":{"start":{"line":993,"column":25},"end":{"line":993,"column":54}},"269":{"start":{"line":994,"column":8},"end":{"line":994,"column":null}},"270":{"start":{"line":995,"column":8},"end":{"line":995,"column":null}},"271":{"start":{"line":999,"column":8},"end":{"line":999,"column":null}},"272":{"start":{"line":1002,"column":6},"end":{"line":1002,"column":null}},"273":{"start":{"line":1004,"column":6},"end":{"line":1008,"column":null}},"274":{"start":{"line":1010,"column":6},"end":{"line":1010,"column":null}},"275":{"start":{"line":1011,"column":6},"end":{"line":1016,"column":null}},"276":{"start":{"line":1023,"column":6},"end":{"line":1023,"column":null}},"277":{"start":{"line":1025,"column":6},"end":{"line":1025,"column":null}},"278":{"start":{"line":1030,"column":6},"end":{"line":1030,"column":null}},"279":{"start":{"line":1031,"column":6},"end":{"line":1031,"column":null}},"280":{"start":{"line":1034,"column":4},"end":{"line":1034,"column":null}},"281":{"start":{"line":1035,"column":3},"end":{"line":1035,"column":null}},"282":{"start":{"line":60,"column":6},"end":{"line":1036,"column":null}},"283":{"start":{"line":1038,"column":0},"end":{"line":1038,"column":null}}},"fnMap":{"0":{"name":"(anonymous_8)","decl":{"start":{"line":60,"column":22},"end":{"line":60,"column":null}},"loc":{"start":{"line":60,"column":22},"end":{"line":1035,"column":null}}},"1":{"name":"ServiceGenerator","decl":{"start":{"line":69,"column":2},"end":{"line":69,"column":14}},"loc":{"start":{"line":69,"column":76},"end":{"line":73,"column":null}}},"2":{"name":"generateFromFile","decl":{"start":{"line":78,"column":2},"end":{"line":78,"column":null}},"loc":{"start":{"line":80,"column":42},"end":{"line":105,"column":null}}},"3":{"name":"generate","decl":{"start":{"line":110,"column":2},"end":{"line":110,"column":null}},"loc":{"start":{"line":112,"column":42},"end":{"line":223,"column":null}}},"4":{"name":"(anonymous_12)","decl":{"start":{"line":143,"column":52},"end":{"line":143,"column":53}},"loc":{"start":{"line":143,"column":53},"end":{"line":143,"column":83}}},"5":{"name":"(anonymous_13)","decl":{"start":{"line":147,"column":44},"end":{"line":147,"column":45}},"loc":{"start":{"line":147,"column":45},"end":{"line":147,"column":75}}},"6":{"name":"(anonymous_14)","decl":{"start":{"line":154,"column":47},"end":{"line":154,"column":48}},"loc":{"start":{"line":154,"column":48},"end":{"line":154,"column":78}}},"7":{"name":"generateFromSwagger","decl":{"start":{"line":229,"column":10},"end":{"line":229,"column":null}},"loc":{"start":{"line":231,"column":42},"end":{"line":307,"column":null}}},"8":{"name":"(anonymous_16)","decl":{"start":{"line":272,"column":69},"end":{"line":272,"column":77}},"loc":{"start":{"line":272,"column":77},"end":{"line":273,"column":null}}},"9":{"name":"convertParsedEndpointToRestEndpoint","decl":{"start":{"line":313,"column":10},"end":{"line":313,"column":46}},"loc":{"start":{"line":313,"column":70},"end":{"line":380,"column":null}}},"10":{"name":"(anonymous_18)","decl":{"start":{"line":319,"column":14},"end":{"line":319,"column":15}},"loc":{"start":{"line":319,"column":15},"end":{"line":319,"column":35}}},"11":{"name":"(anonymous_19)","decl":{"start":{"line":320,"column":11},"end":{"line":320,"column":12}},"loc":{"start":{"line":320,"column":12},"end":{"line":325,"column":8}}},"12":{"name":"(anonymous_20)","decl":{"start":{"line":328,"column":14},"end":{"line":328,"column":15}},"loc":{"start":{"line":328,"column":15},"end":{"line":328,"column":36}}},"13":{"name":"(anonymous_21)","decl":{"start":{"line":329,"column":11},"end":{"line":329,"column":12}},"loc":{"start":{"line":329,"column":12},"end":{"line":336,"column":8}}},"14":{"name":"(anonymous_22)","decl":{"start":{"line":339,"column":14},"end":{"line":339,"column":15}},"loc":{"start":{"line":339,"column":15},"end":{"line":339,"column":37}}},"15":{"name":"(anonymous_23)","decl":{"start":{"line":340,"column":11},"end":{"line":340,"column":12}},"loc":{"start":{"line":340,"column":12},"end":{"line":345,"column":8}}},"16":{"name":"generateHandlerName","decl":{"start":{"line":386,"column":10},"end":{"line":386,"column":30}},"loc":{"start":{"line":386,"column":58},"end":{"line":401,"column":null}}},"17":{"name":"(anonymous_25)","decl":{"start":{"line":390,"column":11},"end":{"line":390,"column":15}},"loc":{"start":{"line":390,"column":18},"end":{"line":395,"column":7}}},"18":{"name":"capitalize","decl":{"start":{"line":407,"column":10},"end":{"line":407,"column":21}},"loc":{"start":{"line":407,"column":32},"end":{"line":409,"column":null}}},"19":{"name":"generateFromEnhancedDefinition","decl":{"start":{"line":415,"column":10},"end":{"line":415,"column":null}},"loc":{"start":{"line":418,"column":30},"end":{"line":489,"column":null}}},"20":{"name":"generateFromDirectory","decl":{"start":{"line":494,"column":2},"end":{"line":494,"column":null}},"loc":{"start":{"line":496,"column":42},"end":{"line":529,"column":null}}},"21":{"name":"(anonymous_29)","decl":{"start":{"line":504,"column":26},"end":{"line":504,"column":27}},"loc":{"start":{"line":504,"column":52},"end":{"line":518,"column":5}}},"22":{"name":"validate","decl":{"start":{"line":534,"column":2},"end":{"line":534,"column":11}},"loc":{"start":{"line":534,"column":40},"end":{"line":616,"column":null}}},"23":{"name":"validateSpec","decl":{"start":{"line":621,"column":10},"end":{"line":621,"column":null}},"loc":{"start":{"line":624,"column":33},"end":{"line":709,"column":null}}},"24":{"name":"(anonymous_32)","decl":{"start":{"line":644,"column":36},"end":{"line":644,"column":37}},"loc":{"start":{"line":644,"column":52},"end":{"line":666,"column":9}}},"25":{"name":"parseDefinition","decl":{"start":{"line":714,"column":2},"end":{"line":714,"column":24}},"loc":{"start":{"line":714,"column":42},"end":{"line":727,"column":null}}},"26":{"name":"prepareTemplateData","decl":{"start":{"line":732,"column":10},"end":{"line":732,"column":null}},"loc":{"start":{"line":734,"column":37},"end":{"line":755,"column":null}}},"27":{"name":"generateClassName","decl":{"start":{"line":760,"column":10},"end":{"line":760,"column":28}},"loc":{"start":{"line":760,"column":40},"end":{"line":768,"column":null}}},"28":{"name":"(anonymous_36)","decl":{"start":{"line":766,"column":11},"end":{"line":766,"column":15}},"loc":{"start":{"line":766,"column":15},"end":{"line":766,"column":78}}},"29":{"name":"getDefaultTemplate","decl":{"start":{"line":773,"column":10},"end":{"line":773,"column":29}},"loc":{"start":{"line":773,"column":48},"end":{"line":783,"column":null}}},"30":{"name":"generateTests","decl":{"start":{"line":788,"column":10},"end":{"line":788,"column":null}},"loc":{"start":{"line":791,"column":21},"end":{"line":821,"column":null}}},"31":{"name":"generateReadme","decl":{"start":{"line":826,"column":10},"end":{"line":826,"column":null}},"loc":{"start":{"line":829,"column":21},"end":{"line":854,"column":3}}},"32":{"name":"getExecutionContext","decl":{"start":{"line":856,"column":2},"end":{"line":856,"column":21}},"loc":{"start":{"line":856,"column":21},"end":{"line":858,"column":3}}},"33":{"name":"setExecutionContext","decl":{"start":{"line":860,"column":2},"end":{"line":860,"column":22}},"loc":{"start":{"line":860,"column":63},"end":{"line":863,"column":null}}},"34":{"name":"compileProtoFile","decl":{"start":{"line":870,"column":10},"end":{"line":870,"column":null}},"loc":{"start":{"line":872,"column":37},"end":{"line":1018,"column":3}}},"35":{"name":"(anonymous_43)","decl":{"start":{"line":992,"column":29},"end":{"line":992,"column":33}},"loc":{"start":{"line":992,"column":36},"end":{"line":996,"column":7}}},"36":{"name":"onStartup","decl":{"start":{"line":1020,"column":2},"end":{"line":1020,"column":17}},"loc":{"start":{"line":1020,"column":17},"end":{"line":1035,"column":3}}}},"branchMap":{"0":{"loc":{"start":{"line":80,"column":4},"end":{"line":80,"column":42}},"type":"default-arg","locations":[{"start":{"line":80,"column":40},"end":{"line":80,"column":42}}]},"1":{"loc":{"start":{"line":112,"column":4},"end":{"line":112,"column":42}},"type":"default-arg","locations":[{"start":{"line":112,"column":40},"end":{"line":112,"column":42}}]},"2":{"loc":{"start":{"line":119,"column":10},"end":{"line":119,"column":62}},"type":"binary-expr","locations":[{"start":{"line":119,"column":10},"end":{"line":119,"column":34}},{"start":{"line":119,"column":38},"end":{"line":119,"column":62}}]},"3":{"loc":{"start":{"line":124,"column":10},"end":{"line":124,"column":68}},"type":"binary-expr","locations":[{"start":{"line":124,"column":10},"end":{"line":124,"column":43}},{"start":{"line":124,"column":47},"end":{"line":124,"column":68}}]},"4":{"loc":{"start":{"line":134,"column":19},"end":{"line":134,"column":71}},"type":"binary-expr","locations":[{"start":{"line":134,"column":19},"end":{"line":134,"column":37}},{"start":{"line":134,"column":41},"end":{"line":134,"column":71}}]},"5":{"loc":{"start":{"line":160,"column":24},"end":{"line":160,"column":58}},"type":"binary-expr","locations":[{"start":{"line":160,"column":24},"end":{"line":160,"column":41}},{"start":{"line":160,"column":45},"end":{"line":160,"column":58}}]},"6":{"loc":{"start":{"line":163,"column":27},"end":{"line":163,"column":98}},"type":"binary-expr","locations":[{"start":{"line":163,"column":27},"end":{"line":163,"column":47}},{"start":{"line":163,"column":51},"end":{"line":163,"column":98}}]},"7":{"loc":{"start":{"line":180,"column":10},"end":{"line":180,"column":57}},"type":"binary-expr","locations":[{"start":{"line":180,"column":10},"end":{"line":180,"column":35}},{"start":{"line":180,"column":39},"end":{"line":180,"column":57}}]},"8":{"loc":{"start":{"line":231,"column":4},"end":{"line":231,"column":42}},"type":"default-arg","locations":[{"start":{"line":231,"column":40},"end":{"line":231,"column":42}}]},"9":{"loc":{"start":{"line":240,"column":28},"end":{"line":240,"column":80}},"type":"binary-expr","locations":[{"start":{"line":240,"column":28},"end":{"line":240,"column":52}},{"start":{"line":240,"column":56},"end":{"line":240,"column":80}}]},"10":{"loc":{"start":{"line":246,"column":20},"end":{"line":246,"column":95}},"type":"binary-expr","locations":[{"start":{"line":246,"column":20},"end":{"line":246,"column":55}},{"start":{"line":246,"column":59},"end":{"line":246,"column":95}}]},"11":{"loc":{"start":{"line":288,"column":21},"end":{"line":288,"column":79}},"type":"binary-expr","locations":[{"start":{"line":288,"column":21},"end":{"line":288,"column":39}},{"start":{"line":288,"column":43},"end":{"line":288,"column":73}},{"start":{"line":288,"column":77},"end":{"line":288,"column":79}}]},"12":{"loc":{"start":{"line":289,"column":21},"end":{"line":289,"column":57}},"type":"binary-expr","locations":[{"start":{"line":289,"column":21},"end":{"line":289,"column":51}},{"start":{"line":289,"column":55},"end":{"line":289,"column":57}}]},"13":{"loc":{"start":{"line":315,"column":20},"end":{"line":315,"column":100}},"type":"binary-expr","locations":[{"start":{"line":315,"column":20},"end":{"line":315,"column":40}},{"start":{"line":315,"column":44},"end":{"line":315,"column":100}}]},"14":{"loc":{"start":{"line":348,"column":17},"end":{"line":353,"column":17}},"type":"cond-expr","locations":[{"start":{"line":348,"column":40},"end":{"line":353,"column":8}},{"start":{"line":353,"column":8},"end":{"line":353,"column":17}}]},"15":{"loc":{"start":{"line":356,"column":21},"end":{"line":356,"column":115}},"type":"binary-expr","locations":[{"start":{"line":356,"column":21},"end":{"line":356,"column":46}},{"start":{"line":356,"column":50},"end":{"line":356,"column":75}},{"start":{"line":356,"column":79},"end":{"line":356,"column":115}}]},"16":{"loc":{"start":{"line":362,"column":19},"end":{"line":362,"column":null}},"type":"binary-expr","locations":[{"start":{"line":362,"column":19},"end":{"line":362,"column":39}},{"start":{"line":362,"column":43},"end":{"line":362,"column":null}}]},"17":{"loc":{"start":{"line":365,"column":4},"end":{"line":365,"column":null}},"type":"if","locations":[{"start":{"line":365,"column":4},"end":{"line":365,"column":null}}]},"18":{"loc":{"start":{"line":366,"column":4},"end":{"line":366,"column":null}},"type":"if","locations":[{"start":{"line":366,"column":4},"end":{"line":366,"column":null}}]},"19":{"loc":{"start":{"line":367,"column":4},"end":{"line":367,"column":null}},"type":"if","locations":[{"start":{"line":367,"column":4},"end":{"line":367,"column":null}}]},"20":{"loc":{"start":{"line":368,"column":4},"end":{"line":368,"column":null}},"type":"if","locations":[{"start":{"line":368,"column":4},"end":{"line":368,"column":null}}]},"21":{"loc":{"start":{"line":371,"column":14},"end":{"line":371,"column":46}},"type":"binary-expr","locations":[{"start":{"line":371,"column":14},"end":{"line":371,"column":34}},{"start":{"line":371,"column":38},"end":{"line":371,"column":46}}]},"22":{"loc":{"start":{"line":375,"column":4},"end":{"line":375,"column":null}},"type":"if","locations":[{"start":{"line":375,"column":4},"end":{"line":375,"column":null}}]},"23":{"loc":{"start":{"line":376,"column":4},"end":{"line":376,"column":null}},"type":"if","locations":[{"start":{"line":376,"column":4},"end":{"line":376,"column":null}}]},"24":{"loc":{"start":{"line":377,"column":4},"end":{"line":377,"column":null}},"type":"if","locations":[{"start":{"line":377,"column":4},"end":{"line":377,"column":null}}]},"25":{"loc":{"start":{"line":377,"column":8},"end":{"line":377,"column":49}},"type":"binary-expr","locations":[{"start":{"line":377,"column":8},"end":{"line":377,"column":21}},{"start":{"line":377,"column":25},"end":{"line":377,"column":49}}]},"26":{"loc":{"start":{"line":391,"column":12},"end":{"line":391,"column":54}},"type":"binary-expr","locations":[{"start":{"line":391,"column":12},"end":{"line":391,"column":32}},{"start":{"line":391,"column":36},"end":{"line":391,"column":54}}]},"27":{"loc":{"start":{"line":428,"column":24},"end":{"line":428,"column":58}},"type":"binary-expr","locations":[{"start":{"line":428,"column":24},"end":{"line":428,"column":41}},{"start":{"line":428,"column":45},"end":{"line":428,"column":58}}]},"28":{"loc":{"start":{"line":431,"column":27},"end":{"line":431,"column":98}},"type":"binary-expr","locations":[{"start":{"line":431,"column":27},"end":{"line":431,"column":47}},{"start":{"line":431,"column":51},"end":{"line":431,"column":98}}]},"29":{"loc":{"start":{"line":448,"column":10},"end":{"line":448,"column":57}},"type":"binary-expr","locations":[{"start":{"line":448,"column":10},"end":{"line":448,"column":35}},{"start":{"line":448,"column":39},"end":{"line":448,"column":57}}]},"30":{"loc":{"start":{"line":496,"column":4},"end":{"line":496,"column":42}},"type":"default-arg","locations":[{"start":{"line":496,"column":40},"end":{"line":496,"column":42}}]},"31":{"loc":{"start":{"line":512,"column":19},"end":{"line":512,"column":80}},"type":"binary-expr","locations":[{"start":{"line":512,"column":19},"end":{"line":512,"column":48}},{"start":{"line":512,"column":52},"end":{"line":512,"column":80}}]},"32":{"loc":{"start":{"line":550,"column":8},"end":{"line":550,"column":87}},"type":"binary-expr","locations":[{"start":{"line":550,"column":8},"end":{"line":550,"column":30}},{"start":{"line":550,"column":34},"end":{"line":550,"column":87}}]},"33":{"loc":{"start":{"line":571,"column":8},"end":{"line":571,"column":72}},"type":"binary-expr","locations":[{"start":{"line":571,"column":8},"end":{"line":571,"column":26}},{"start":{"line":571,"column":30},"end":{"line":571,"column":72}}]},"34":{"loc":{"start":{"line":629,"column":8},"end":{"line":629,"column":74}},"type":"binary-expr","locations":[{"start":{"line":629,"column":9},"end":{"line":629,"column":31}},{"start":{"line":629,"column":35},"end":{"line":629,"column":59}},{"start":{"line":629,"column":64},"end":{"line":629,"column":74}}]},"35":{"loc":{"start":{"line":637,"column":10},"end":{"line":637,"column":66}},"type":"binary-expr","locations":[{"start":{"line":637,"column":10},"end":{"line":637,"column":30}},{"start":{"line":637,"column":34},"end":{"line":637,"column":66}}]},"36":{"loc":{"start":{"line":671,"column":8},"end":{"line":671,"column":74}},"type":"binary-expr","locations":[{"start":{"line":671,"column":9},"end":{"line":671,"column":31}},{"start":{"line":671,"column":35},"end":{"line":671,"column":59}},{"start":{"line":671,"column":64},"end":{"line":671,"column":74}}]},"37":{"loc":{"start":{"line":689,"column":8},"end":{"line":689,"column":80}},"type":"binary-expr","locations":[{"start":{"line":689,"column":9},"end":{"line":689,"column":34}},{"start":{"line":689,"column":38},"end":{"line":689,"column":62}},{"start":{"line":689,"column":67},"end":{"line":689,"column":80}}]},"38":{"loc":{"start":{"line":700,"column":8},"end":{"line":700,"column":72}},"type":"binary-expr","locations":[{"start":{"line":700,"column":9},"end":{"line":700,"column":30}},{"start":{"line":700,"column":34},"end":{"line":700,"column":58}},{"start":{"line":700,"column":63},"end":{"line":700,"column":72}}]},"39":{"loc":{"start":{"line":741,"column":8},"end":{"line":741,"column":66}},"type":"binary-expr","locations":[{"start":{"line":741,"column":8},"end":{"line":741,"column":41}},{"start":{"line":741,"column":45},"end":{"line":741,"column":66}}]},"40":{"loc":{"start":{"line":742,"column":10},"end":{"line":742,"column":86}},"type":"binary-expr","locations":[{"start":{"line":742,"column":10},"end":{"line":742,"column":50}},{"start":{"line":742,"column":54},"end":{"line":742,"column":86}}]},"41":{"loc":{"start":{"line":751,"column":18},"end":{"line":751,"column":65}},"type":"binary-expr","locations":[{"start":{"line":751,"column":18},"end":{"line":751,"column":52}},{"start":{"line":751,"column":56},"end":{"line":751,"column":65}}]},"42":{"loc":{"start":{"line":752,"column":15},"end":{"line":752,"column":55}},"type":"binary-expr","locations":[{"start":{"line":752,"column":15},"end":{"line":752,"column":49}},{"start":{"line":752,"column":53},"end":{"line":752,"column":55}}]},"43":{"loc":{"start":{"line":782,"column":11},"end":{"line":782,"column":60}},"type":"binary-expr","locations":[{"start":{"line":782,"column":11},"end":{"line":782,"column":35}},{"start":{"line":782,"column":39},"end":{"line":782,"column":60}}]},"44":{"loc":{"start":{"line":904,"column":24},"end":{"line":904,"column":58}},"type":"binary-expr","locations":[{"start":{"line":904,"column":24},"end":{"line":904,"column":41}},{"start":{"line":904,"column":45},"end":{"line":904,"column":58}}]}},"s":{"0":42,"1":0,"2":0,"3":0,"4":0,"5":0,"6":0,"7":0,"8":0,"9":0,"10":0,"11":0,"12":0,"13":0,"14":0,"15":0,"16":0,"17":0,"18":0,"19":0,"20":0,"21":0,"22":0,"23":0,"24":0,"25":0,"26":0,"27":0,"28":0,"29":0,"30":0,"31":0,"32":0,"33":0,"34":0,"35":0,"36":0,"37":0,"38":0,"39":0,"40":0,"41":0,"42":0,"43":0,"44":0,"45":0,"46":0,"47":0,"48":0,"49":0,"50":0,"51":0,"52":0,"53":0,"54":0,"55":0,"56":0,"57":0,"58":0,"59":0,"60":0,"61":0,"62":0,"63":0,"64":0,"65":0,"66":0,"67":0,"68":0,"69":0,"70":0,"71":0,"72":0,"73":0,"74":0,"75":0,"76":0,"77":0,"78":0,"79":0,"80":0,"81":0,"82":0,"83":0,"84":0,"85":0,"86":0,"87":0,"88":0,"89":0,"90":0,"91":0,"92":0,"93":0,"94":0,"95":0,"96":0,"97":0,"98":0,"99":0,"100":0,"101":0,"102":0,"103":0,"104":0,"105":0,"106":0,"107":0,"108":0,"109":0,"110":0,"111":0,"112":0,"113":0,"114":0,"115":0,"116":0,"117":0,"118":0,"119":0,"120":0,"121":0,"122":0,"123":0,"124":0,"125":0,"126":0,"127":0,"128":0,"129":0,"130":0,"131":0,"132":0,"133":0,"134":0,"135":0,"136":0,"137":0,"138":0,"139":0,"140":0,"141":0,"142":0,"143":0,"144":0,"145":0,"146":0,"147":0,"148":0,"149":0,"150":0,"151":0,"152":0,"153":0,"154":0,"155":0,"156":0,"157":0,"158":0,"159":0,"160":0,"161":0,"162":0,"163":0,"164":0,"165":0,"166":0,"167":0,"168":0,"169":0,"170":0,"171":0,"172":0,"173":0,"174":0,"175":0,"176":0,"177":0,"178":0,"179":0,"180":0,"181":0,"182":0,"183":0,"184":0,"185":0,"186":0,"187":0,"188":0,"189":0,"190":0,"191":0,"192":0,"193":0,"194":0,"195":0,"196":0,"197":0,"198":0,"199":0,"200":0,"201":0,"202":0,"203":0,"204":0,"205":0,"206":0,"207":0,"208":0,"209":0,"210":0,"211":0,"212":0,"213":0,"214":0,"215":0,"216":0,"217":0,"218":0,"219":0,"220":0,"221":0,"222":0,"223":0,"224":0,"225":0,"226":0,"227":0,"228":0,"229":0,"230":0,"231":0,"232":0,"233":0,"234":0,"235":0,"236":0,"237":0,"238":0,"239":0,"240":0,"241":0,"242":0,"243":0,"244":0,"245":0,"246":0,"247":0,"248":0,"249":0,"250":0,"251":0,"252":0,"253":0,"254":0,"255":0,"256":0,"257":0,"258":0,"259":0,"260":0,"261":0,"262":0,"263":0,"264":0,"265":0,"266":0,"267":0,"268":0,"269":0,"270":0,"271":0,"272":0,"273":0,"274":0,"275":0,"276":0,"277":0,"278":0,"279":0,"280":0,"281":0,"282":0,"283":0},"f":{"0":0,"1":0,"2":0,"3":0,"4":0,"5":0,"6":0,"7":0,"8":0,"9":0,"10":0,"11":0,"12":0,"13":0,"14":0,"15":0,"16":0,"17":0,"18":0,"19":0,"20":0,"21":0,"22":0,"23":0,"24":0,"25":0,"26":0,"27":0,"28":0,"29":0,"30":0,"31":0,"32":0,"33":0,"34":0,"35":0,"36":0},"b":{"0":[0],"1":[0],"2":[0,0],"3":[0,0],"4":[0,0],"5":[0,0],"6":[0,0],"7":[0,0],"8":[0],"9":[0,0],"10":[0,0],"11":[0,0,0],"12":[0,0],"13":[0,0],"14":[0,0],"15":[0,0,0],"16":[0,0],"17":[0],"18":[0],"19":[0],"20":[0],"21":[0,0],"22":[0],"23":[0],"24":[0],"25":[0,0],"26":[0,0],"27":[0,0],"28":[0,0],"29":[0,0],"30":[0],"31":[0,0],"32":[0,0],"33":[0,0],"34":[0,0,0],"35":[0,0],"36":[0,0,0],"37":[0,0,0],"38":[0,0,0],"39":[0,0],"40":[0,0],"41":[0,0],"42":[0,0],"43":[0,0],"44":[0,0]}}
}
