TN:
SF:src/modules/reactory-core/services/generators/service/ServiceGenerator.ts
FN:60,(anonymous_8)
FN:69,ServiceGenerator
FN:78,generateFromFile
FN:110,generate
FN:143,(anonymous_12)
FN:147,(anonymous_13)
FN:154,(anonymous_14)
FN:229,generateFromSwagger
FN:272,(anonymous_16)
FN:313,convertParsedEndpointToRestEndpoint
FN:319,(anonymous_18)
FN:320,(anonymous_19)
FN:328,(anonymous_20)
FN:329,(anonymous_21)
FN:339,(anonymous_22)
FN:340,(anonymous_23)
FN:386,generateHandlerName
FN:390,(anonymous_25)
FN:407,capitalize
FN:415,generateFromEnhancedDefinition
FN:494,generateFromDirectory
FN:504,(anonymous_29)
FN:534,validate
FN:621,validateSpec
FN:644,(anonymous_32)
FN:714,parseDefinition
FN:732,prepareTemplateData
FN:760,generateClassName
FN:766,(anonymous_36)
FN:773,getDefaultTemplate
FN:788,generateTests
FN:826,generateReadme
FN:856,getExecutionContext
FN:860,setExecutionContext
FN:870,compileProtoFile
FN:992,(anonymous_43)
FN:1020,onStartup
FNF:37
FNH:0
FNDA:0,(anonymous_8)
FNDA:0,ServiceGenerator
FNDA:0,generateFromFile
FNDA:0,generate
FNDA:0,(anonymous_12)
FNDA:0,(anonymous_13)
FNDA:0,(anonymous_14)
FNDA:0,generateFromSwagger
FNDA:0,(anonymous_16)
FNDA:0,convertParsedEndpointToRestEndpoint
FNDA:0,(anonymous_18)
FNDA:0,(anonymous_19)
FNDA:0,(anonymous_20)
FNDA:0,(anonymous_21)
FNDA:0,(anonymous_22)
FNDA:0,(anonymous_23)
FNDA:0,generateHandlerName
FNDA:0,(anonymous_25)
FNDA:0,capitalize
FNDA:0,generateFromEnhancedDefinition
FNDA:0,generateFromDirectory
FNDA:0,(anonymous_29)
FNDA:0,validate
FNDA:0,validateSpec
FNDA:0,(anonymous_32)
FNDA:0,parseDefinition
FNDA:0,prepareTemplateData
FNDA:0,generateClassName
FNDA:0,(anonymous_36)
FNDA:0,getDefaultTemplate
FNDA:0,generateTests
FNDA:0,generateReadme
FNDA:0,getExecutionContext
FNDA:0,setExecutionContext
FNDA:0,compileProtoFile
FNDA:0,(anonymous_43)
FNDA:0,onStartup
DA:2,42
DA:4,0
DA:5,0
DA:6,0
DA:19,0
DA:27,0
DA:32,0
DA:37,0
DA:60,0
DA:61,0
DA:62,0
DA:63,0
DA:69,0
DA:70,0
DA:71,0
DA:72,0
DA:75,0
DA:84,0
DA:87,0
DA:95,0
DA:97,0
DA:114,0
DA:115,0
DA:120,0
DA:125,0
DA:126,0
DA:127,0
DA:130,0
DA:141,0
DA:143,0
DA:144,0
DA:147,0
DA:154,0
DA:157,0
DA:160,0
DA:163,0
DA:167,0
DA:171,0
DA:174,0
DA:177,0
DA:178,0
DA:181,0
DA:185,0
DA:188,0
DA:189,0
DA:190,0
DA:195,0
DA:196,0
DA:197,0
DA:202,0
DA:203,0
DA:204,0
DA:207,0
DA:214,0
DA:215,0
DA:231,0
DA:233,0
DA:234,0
DA:237,0
DA:240,0
DA:242,0
DA:246,0
DA:252,0
DA:253,0
DA:256,0
DA:258,0
DA:259,0
DA:261,0
DA:264,0
DA:265,0
DA:268,0
DA:269,0
DA:272,0
DA:278,0
DA:279,0
DA:283,0
DA:296,0
DA:298,0
DA:299,0
DA:315,0
DA:318,0
DA:319,0
DA:320,0
DA:327,0
DA:328,0
DA:329,0
DA:338,0
DA:339,0
DA:340,0
DA:348,0
DA:356,0
DA:358,0
DA:365,0
DA:366,0
DA:367,0
DA:368,0
DA:370,0
DA:375,0
DA:376,0
DA:377,0
DA:379,0
DA:386,0
DA:387,0
DA:392,0
DA:394,0
DA:397,0
DA:398,0
DA:400,0
DA:408,0
DA:420,0
DA:421,0
DA:425,0
DA:428,0
DA:431,0
DA:435,0
DA:439,0
DA:442,0
DA:445,0
DA:446,0
DA:449,0
DA:452,0
DA:455,0
DA:456,0
DA:457,0
DA:462,0
DA:463,0
DA:464,0
DA:469,0
DA:470,0
DA:471,0
DA:474,0
DA:481,0
DA:498,0
DA:501,0
DA:504,0
DA:505,0
DA:506,0
DA:509,0
DA:511,0
DA:513,0
DA:517,0
DA:520,0
DA:521,0
DA:524,0
DA:525,0
DA:528,0
DA:535,0
DA:536,0
DA:541,0
DA:551,0
DA:560,0
DA:562,0
DA:572,0
DA:581,0
DA:583,0
DA:592,0
DA:593,0
DA:595,0
DA:602,0
DA:611,0
DA:626,0
DA:631,0
DA:638,0
DA:644,0
DA:646,0
DA:653,0
DA:660,0
DA:673,0
DA:680,0
DA:691,0
DA:702,0
DA:716,0
DA:719,0
DA:720,0
DA:723,0
DA:726,0
DA:737,0
DA:740,0
DA:743,0
DA:747,0
DA:762,0
DA:766,0
DA:774,0
DA:782,0
DA:793,0
DA:794,0
DA:797,0
DA:800,0
DA:801,0
DA:804,0
DA:805,0
DA:808,0
DA:811,0
DA:812,0
DA:813,0
DA:815,0
DA:817,0
DA:820,0
DA:831,0
DA:832,0
DA:835,0
DA:838,0
DA:839,0
DA:842,0
DA:843,0
DA:845,0
DA:846,0
DA:848,0
DA:850,0
DA:853,0
DA:857,0
DA:861,0
DA:862,0
DA:872,0
DA:874,0
DA:875,0
DA:879,0
DA:882,0
DA:883,0
DA:888,0
DA:889,0
DA:891,0
DA:895,0
DA:904,0
DA:905,0
DA:909,0
DA:912,0
DA:913,0
DA:916,0
DA:917,0
DA:918,0
DA:922,0
DA:924,0
DA:925,0
DA:926,0
DA:935,0
DA:936,0
DA:939,0
DA:941,0
DA:942,0
DA:945,0
DA:949,0
DA:953,0
DA:955,0
DA:957,0
DA:960,0
DA:964,0
DA:968,0
DA:969,0
DA:974,0
DA:975,0
DA:976,0
DA:979,0
DA:983,0
DA:986,0
DA:987,0
DA:991,0
DA:992,0
DA:993,0
DA:994,0
DA:995,0
DA:999,0
DA:1002,0
DA:1004,0
DA:1010,0
DA:1011,0
DA:1023,0
DA:1025,0
DA:1030,0
DA:1031,0
DA:1034,0
DA:1035,0
DA:1038,0
LF:273
LH:1
BRDA:80,0,0,0
BRDA:112,1,0,0
BRDA:119,2,0,0
BRDA:119,2,1,0
BRDA:124,3,0,0
BRDA:124,3,1,0
BRDA:134,4,0,0
BRDA:134,4,1,0
BRDA:160,5,0,0
BRDA:160,5,1,0
BRDA:163,6,0,0
BRDA:163,6,1,0
BRDA:180,7,0,0
BRDA:180,7,1,0
BRDA:231,8,0,0
BRDA:240,9,0,0
BRDA:240,9,1,0
BRDA:246,10,0,0
BRDA:246,10,1,0
BRDA:288,11,0,0
BRDA:288,11,1,0
BRDA:288,11,2,0
BRDA:289,12,0,0
BRDA:289,12,1,0
BRDA:315,13,0,0
BRDA:315,13,1,0
BRDA:348,14,0,0
BRDA:348,14,1,0
BRDA:356,15,0,0
BRDA:356,15,1,0
BRDA:356,15,2,0
BRDA:362,16,0,0
BRDA:362,16,1,0
BRDA:365,17,0,0
BRDA:366,18,0,0
BRDA:367,19,0,0
BRDA:368,20,0,0
BRDA:371,21,0,0
BRDA:371,21,1,0
BRDA:375,22,0,0
BRDA:376,23,0,0
BRDA:377,24,0,0
BRDA:377,25,0,0
BRDA:377,25,1,0
BRDA:391,26,0,0
BRDA:391,26,1,0
BRDA:428,27,0,0
BRDA:428,27,1,0
BRDA:431,28,0,0
BRDA:431,28,1,0
BRDA:448,29,0,0
BRDA:448,29,1,0
BRDA:496,30,0,0
BRDA:512,31,0,0
BRDA:512,31,1,0
BRDA:550,32,0,0
BRDA:550,32,1,0
BRDA:571,33,0,0
BRDA:571,33,1,0
BRDA:629,34,0,0
BRDA:629,34,1,0
BRDA:629,34,2,0
BRDA:637,35,0,0
BRDA:637,35,1,0
BRDA:671,36,0,0
BRDA:671,36,1,0
BRDA:671,36,2,0
BRDA:689,37,0,0
BRDA:689,37,1,0
BRDA:689,37,2,0
BRDA:700,38,0,0
BRDA:700,38,1,0
BRDA:700,38,2,0
BRDA:741,39,0,0
BRDA:741,39,1,0
BRDA:742,40,0,0
BRDA:742,40,1,0
BRDA:751,41,0,0
BRDA:751,41,1,0
BRDA:752,42,0,0
BRDA:752,42,1,0
BRDA:782,43,0,0
BRDA:782,43,1,0
BRDA:904,44,0,0
BRDA:904,44,1,0
BRF:85
BRH:0
end_of_record
