TN:
SF:../src/modules/index.ts
FN:3,(anonymous_0)
FN:7,(anonymous_1)
FN:11,(anonymous_2)
FN:15,(anonymous_3)
FN:20,(anonymous_4)
FN:23,(anonymous_5)
FN:38,(anonymous_6)
FNF:7
FNH:5
FNDA:104,(anonymous_0)
FNDA:2,(anonymous_1)
FNDA:0,(anonymous_2)
FNDA:1,(anonymous_3)
FNDA:0,(anonymous_4)
FNDA:1,(anonymous_5)
FNDA:2,(anonymous_6)
DA:3,1
DA:4,104
DA:5,104
DA:8,2
DA:12,0
DA:13,0
DA:15,1
DA:16,1
DA:21,0
DA:23,1
DA:24,1
DA:25,1
DA:26,104
DA:27,1
DA:28,1
DA:30,1
DA:35,1
DA:36,1
DA:37,1
DA:38,1
DA:39,2
DA:41,0
DA:43,1
DA:44,1
LF:24
LH:20
BRDA:3,0,0,1
BRDA:3,0,1,1
BRDA:3,0,2,1
BRDA:3,1,0,1
BRDA:3,1,1,0
BRDA:4,2,0,104
BRDA:4,2,1,0
BRDA:12,3,0,0
BRDA:12,3,1,0
BRDA:15,4,0,1
BRDA:15,4,1,1
BRDA:15,4,2,1
BRDA:15,5,0,1
BRDA:15,5,1,0
BRDA:23,6,0,1
BRDA:23,6,1,1
BRDA:23,6,2,1
BRDA:24,7,0,0
BRDA:24,7,1,1
BRDA:24,8,0,1
BRDA:24,8,1,1
BRDA:26,9,0,1
BRDA:26,9,1,0
BRDA:26,10,0,104
BRDA:26,10,1,0
BRDA:26,11,0,104
BRDA:26,11,1,104
BRDA:37,12,0,1
BRDA:37,12,1,1
BRDA:37,13,0,1
BRDA:37,13,1,1
BRDA:38,14,0,0
BRDA:38,14,1,1
BRF:33
BRH:24
end_of_record
TN:
SF:../src/workflow/WorkflowRunner/WorkflowRunner.ts
FN:3,_classCallCheck
FN:4,_defineProperties
FN:5,_createClass
FN:6,_toPropertyKey
FN:7,_toPrimitive
FN:8,(anonymous_5)
FN:29,(anonymous_6)
FN:31,(anonymous_7)
FN:48,(anonymous_8)
FN:51,(anonymous_9)
FN:52,Logger
FN:57,error
FN:62,info
FN:67,log
FN:76,(anonymous_14)
FN:77,WorkflowRunner
FN:101,initialize
FN:133,setupAmqEventHandlers
FN:136,(anonymous_18)
FN:163,startAutoStartWorkflows
FN:180,(anonymous_20)
FN:215,onStateChanged
FN:226,setState
FN:242,validateWorkflow
FN:255,registerWorkflow
FN:279,getPersistenceProvider
FN:299,stop
FN:319,start
FN:361,startWorkflow
FN:379,getState
FN:389,isInitialized
FNF:31
FNH:25
FNDA:41,_classCallCheck
FNDA:2,_defineProperties
FNDA:2,_createClass
FNDA:16,_toPropertyKey
FNDA:16,_toPrimitive
FNDA:5,(anonymous_5)
FNDA:0,(anonymous_6)
FNDA:0,(anonymous_7)
FNDA:18,(anonymous_8)
FNDA:1,(anonymous_9)
FNDA:17,Logger
FNDA:0,error
FNDA:0,info
FNDA:0,log
FNDA:1,(anonymous_14)
FNDA:24,WorkflowRunner
FNDA:18,initialize
FNDA:16,setupAmqEventHandlers
FNDA:2,(anonymous_18)
FNDA:16,startAutoStartWorkflows
FNDA:0,(anonymous_20)
FNDA:18,onStateChanged
FNDA:18,setState
FNDA:5,validateWorkflow
FNDA:5,registerWorkflow
FNDA:17,getPersistenceProvider
FNDA:3,stop
FNDA:17,start
FNDA:5,startWorkflow
FNDA:5,getState
FNDA:9,isInitialized
DA:3,41
DA:4,16
DA:5,2
DA:6,16
DA:7,16
DA:8,1
DA:9,5
DA:13,1
DA:16,1
DA:17,1
DA:18,1
DA:19,1
DA:20,1
DA:21,1
DA:22,1
DA:23,1
DA:24,1
DA:27,1
DA:28,1
DA:29,1
DA:30,0
DA:31,0
DA:32,0
DA:33,0
DA:34,0
DA:36,0
DA:41,1
DA:48,1
DA:49,18
DA:51,1
DA:53,17
DA:55,1
DA:58,0
DA:63,0
DA:68,0
DA:71,1
DA:76,1
DA:78,24
DA:79,24
DA:80,24
DA:81,24
DA:82,24
DA:83,24
DA:84,24
DA:88,24
DA:89,24
DA:90,24
DA:91,24
DA:92,24
DA:93,24
DA:94,24
DA:99,1
DA:102,18
DA:103,1
DA:104,1
DA:106,17
DA:107,17
DA:111,17
DA:112,16
DA:115,16
DA:116,16
DA:118,16
DA:120,16
DA:121,16
DA:123,1
DA:124,1
DA:125,1
DA:134,16
DA:135,16
DA:136,16
DA:137,2
DA:138,2
DA:144,2
DA:145,2
DA:146,1
DA:147,1
DA:149,1
DA:154,0
DA:164,16
DA:165,16
DA:166,0
DA:174,0
DA:175,0
DA:179,0
DA:180,0
DA:181,0
DA:182,0
DA:189,0
DA:193,0
DA:194,0
DA:201,0
DA:206,0
DA:216,18
DA:227,18
DA:230,18
DA:234,18
DA:235,18
DA:243,5
DA:244,5
DA:246,0
DA:247,0
DA:256,5
DA:257,5
DA:258,2
DA:260,3
DA:261,3
DA:262,2
DA:263,2
DA:267,1
DA:270,3
DA:271,3
DA:280,17
DA:281,17
DA:282,0
DA:283,0
DA:284,0
DA:285,0
DA:287,17
DA:288,17
DA:290,0
DA:291,0
DA:300,3
DA:301,3
DA:302,0
DA:303,0
DA:305,0
DA:307,3
DA:308,3
DA:310,0
DA:311,0
DA:320,17
DA:321,17
DA:324,17
DA:325,17
DA:326,17
DA:327,17
DA:328,0
DA:330,17
DA:331,17
DA:332,17
DA:333,17
DA:334,17
DA:337,17
DA:338,17
DA:339,0
DA:342,0
DA:346,17
DA:347,16
DA:352,1
DA:353,1
DA:362,5
DA:363,5
DA:364,1
DA:366,4
DA:367,2
DA:368,2
DA:370,3
DA:371,3
DA:380,5
DA:390,9
DA:393,1
DA:395,1
LF:162
LH:124
BRDA:3,0,0,0
BRDA:3,0,1,41
BRDA:4,1,0,16
BRDA:4,1,1,16
BRDA:4,2,0,16
BRDA:4,2,1,16
BRDA:5,3,0,2
BRDA:5,3,1,2
BRDA:5,4,0,2
BRDA:5,4,1,0
BRDA:6,5,0,0
BRDA:6,5,1,16
BRDA:7,6,0,16
BRDA:7,6,1,0
BRDA:7,7,0,16
BRDA:7,7,1,0
BRDA:7,8,0,0
BRDA:7,8,1,0
BRDA:7,9,0,0
BRDA:7,9,1,0
BRDA:7,10,0,0
BRDA:7,10,1,0
BRDA:7,11,0,0
BRDA:7,11,1,0
BRDA:8,12,0,1
BRDA:8,12,1,1
BRDA:8,12,2,1
BRDA:9,13,0,2
BRDA:9,13,1,3
BRDA:9,14,0,5
BRDA:9,14,1,5
BRDA:30,15,0,0
BRDA:30,15,1,0
BRDA:32,16,0,0
BRDA:32,16,1,0
BRDA:32,17,0,0
BRDA:32,17,1,0
BRDA:49,18,0,0
BRDA:49,18,1,18
BRDA:85,19,0,24
BRDA:85,19,1,0
BRDA:102,20,0,1
BRDA:102,20,1,17
BRDA:177,21,0,0
BRDA:177,21,1,0
BRDA:179,22,0,0
BRDA:179,22,1,0
BRDA:244,23,0,5
BRDA:244,23,1,5
BRDA:244,23,2,5
BRDA:244,23,3,3
BRDA:244,23,4,3
BRDA:257,24,0,2
BRDA:257,24,1,3
BRDA:261,25,0,2
BRDA:261,25,1,1
BRDA:281,26,0,0
BRDA:281,26,1,17
BRDA:301,27,0,0
BRDA:301,27,1,3
BRDA:302,28,0,0
BRDA:302,28,1,0
BRDA:302,29,0,0
BRDA:302,29,1,0
BRDA:327,30,0,0
BRDA:327,30,1,17
BRDA:338,31,0,0
BRDA:338,31,1,17
BRDA:363,32,0,1
BRDA:363,32,1,4
BRF:70
BRH:37
end_of_record
TN:
SF:../src/workflow/core/StartupWorkflow.ts
FN:3,_classCallCheck
FN:4,_defineProperties
FN:5,_createClass
FN:6,_toPropertyKey
FN:7,_toPrimitive
FN:8,_inherits
FN:9,_setPrototypeOf
FN:9,(anonymous_7)
FN:10,_createSuper
FN:10,(anonymous_9)
FN:11,_possibleConstructorReturn
FN:12,_assertThisInitialized
FN:13,_isNativeReflectConstruct
FN:13,(anonymous_13)
FN:13,(anonymous_14)
FN:14,_getPrototypeOf
FN:14,(anonymous_16)
FN:15,(anonymous_17)
FN:26,(anonymous_18)
FN:29,BeforeStartup
FN:35,run
FN:42,(anonymous_21)
FN:45,AfterStartup
FN:51,run
FN:58,(anonymous_24)
FN:59,StartupWorkflow
FN:66,build
FN:67,(anonymous_27)
FN:69,(anonymous_28)
FNF:29
FNH:13
FNDA:0,_classCallCheck
FNDA:3,_defineProperties
FNDA:3,_createClass
FNDA:3,_toPropertyKey
FNDA:3,_toPrimitive
FNDA:2,_inherits
FNDA:1,_setPrototypeOf
FNDA:0,(anonymous_7)
FNDA:2,_createSuper
FNDA:0,(anonymous_9)
FNDA:0,_possibleConstructorReturn
FNDA:0,_assertThisInitialized
FNDA:1,_isNativeReflectConstruct
FNDA:0,(anonymous_13)
FNDA:2,(anonymous_14)
FNDA:0,_getPrototypeOf
FNDA:0,(anonymous_16)
FNDA:2,(anonymous_17)
FNDA:1,(anonymous_18)
FNDA:0,BeforeStartup
FNDA:0,run
FNDA:1,(anonymous_21)
FNDA:0,AfterStartup
FNDA:0,run
FNDA:1,(anonymous_24)
FNDA:0,StartupWorkflow
FNDA:0,build
FNDA:0,(anonymous_27)
FNDA:0,(anonymous_28)
DA:3,0
DA:4,3
DA:5,3
DA:6,3
DA:7,3
DA:8,2
DA:9,1
DA:10,2
DA:11,0
DA:12,0
DA:13,2
DA:14,0
DA:15,1
DA:16,2
DA:20,1
DA:23,1
DA:24,1
DA:25,1
DA:26,1
DA:27,1
DA:28,1
DA:30,0
DA:31,0
DA:33,1
DA:36,0
DA:37,0
DA:40,1
DA:42,1
DA:43,1
DA:44,1
DA:46,0
DA:47,0
DA:49,1
DA:52,0
DA:53,0
DA:56,1
DA:58,1
DA:60,0
DA:61,0
DA:62,0
DA:64,1
DA:67,0
DA:68,0
DA:70,0
DA:74,1
DA:76,1
LF:46
LH:28
BRDA:3,0,0,0
BRDA:3,0,1,0
BRDA:4,1,0,3
BRDA:4,1,1,3
BRDA:4,2,0,3
BRDA:4,2,1,3
BRDA:5,3,0,3
BRDA:5,3,1,3
BRDA:5,4,0,3
BRDA:5,4,1,0
BRDA:6,5,0,0
BRDA:6,5,1,3
BRDA:7,6,0,3
BRDA:7,6,1,0
BRDA:7,7,0,3
BRDA:7,7,1,0
BRDA:7,8,0,0
BRDA:7,8,1,0
BRDA:7,9,0,0
BRDA:7,9,1,0
BRDA:7,10,0,0
BRDA:7,10,1,0
BRDA:7,11,0,0
BRDA:7,11,1,0
BRDA:8,12,0,0
BRDA:8,12,1,2
BRDA:8,13,0,2
BRDA:8,13,1,0
BRDA:8,14,0,2
BRDA:8,14,1,2
BRDA:8,15,0,2
BRDA:8,15,1,2
BRDA:9,16,0,1
BRDA:9,16,1,0
BRDA:10,17,0,0
BRDA:10,17,1,0
BRDA:11,18,0,0
BRDA:11,18,1,0
BRDA:11,19,0,0
BRDA:11,19,1,0
BRDA:11,19,2,0
BRDA:11,20,0,0
BRDA:11,20,1,0
BRDA:12,21,0,0
BRDA:12,21,1,0
BRDA:14,22,0,0
BRDA:14,22,1,0
BRDA:14,23,0,0
BRDA:14,23,1,0
BRDA:15,24,0,1
BRDA:15,24,1,1
BRDA:15,24,2,1
BRDA:16,25,0,0
BRDA:16,25,1,2
BRDA:16,26,0,2
BRDA:16,26,1,2
BRF:56
BRH:23
end_of_record
